This is pdfTeX, Version 3.1415926-2.5-1.40.14 (TeX Live 2013) (format=pdflatex 2013.5.30)  25 MAR 2015 11:58
entering extended mode
 restricted \write18 enabled.
 file:line:error style messages enabled.
 %&-line parsing enabled.
**practical-statistics-for-LHC.tex
(./practical-statistics-for-LHC.tex
LaTeX2e <2011/06/27>
Babel <3.9f> and hyphenation patterns for 78 languages loaded.
(./cernrep.cls (./cernyrep.cls
Document Class: cernyrep 2009/05/13 cernyrep class (version 2.06)
(/usr/local/texlive/2013/texmf-dist/tex/latex/base/report.cls
Document Class: report 2007/10/19 v1.4h Standard LaTeX document class
(/usr/local/texlive/2013/texmf-dist/tex/latex/base/size11.clo
File: size11.clo 2007/10/19 v1.4h Standard LaTeX file (size option)
)
\c@part=\count79
\c@chapter=\count80
\c@section=\count81
\c@subsection=\count82
\c@subsubsection=\count83
\c@paragraph=\count84
\c@subparagraph=\count85
\c@figure=\count86
\c@table=\count87
\abovecaptionskip=\skip41
\belowcaptionskip=\skip42
\bibindent=\dimen102
)
(/usr/local/texlive/2013/texmf-dist/tex/latex/base/ifthen.sty
Package: ifthen 2001/05/26 v1.1c Standard LaTeX ifthen package (DPC)
)
(/usr/local/texlive/2013/texmf-dist/tex/latex/tools/calc.sty
Package: calc 2007/08/22 v4.3 Infix arithmetic (KKT,FJ)
\calc@Acount=\count88
\calc@Bcount=\count89
\calc@Adimen=\dimen103
\calc@Bdimen=\dimen104
\calc@Askip=\skip43
\calc@Bskip=\skip44
LaTeX Info: Redefining \setlength on input line 76.
LaTeX Info: Redefining \addtolength on input line 77.
\calc@Ccount=\count90
\calc@Cskip=\skip45
)
(/usr/local/texlive/2013/texmf-dist/tex/generic/oberdiek/ifpdf.sty
Package: ifpdf 2011/01/30 v2.3 Provides the ifpdf switch (HO)
Package ifpdf Info: pdfTeX in PDF mode is detected.
)
(/usr/local/texlive/2013/texmf-dist/tex/latex/cite/cite.sty
LaTeX Info: Redefining \cite on input line 302.
LaTeX Info: Redefining \nocite on input line 373.
Package: cite 2010/09/10  v 5.3
)
(/usr/local/texlive/2013/texmf-dist/tex/latex/fancyhdr/fancyhdr.sty
\fancy@headwidth=\skip46
\f@ncyO@elh=\skip47
\f@ncyO@erh=\skip48
\f@ncyO@olh=\skip49
\f@ncyO@orh=\skip50
\f@ncyO@elf=\skip51
\f@ncyO@erf=\skip52
\f@ncyO@olf=\skip53
\f@ncyO@orf=\skip54
)
(/usr/local/texlive/2013/texmf-dist/tex/latex/truncate/truncate.sty
Package: truncate 2001/08/20  ver 3.6
\@Trunc@RestHyph=\toks14
)

Package Fancyhdr Warning: \fancyhead's `E' option without twoside option is use
less on input line 122.

(/usr/local/texlive/2013/texmf-dist/tex/latex/base/fontenc.sty
Package: fontenc 2005/09/27 v1.99g Standard LaTeX package

(/usr/local/texlive/2013/texmf-dist/tex/latex/base/t1enc.def
File: t1enc.def 2005/09/27 v1.99g Standard LaTeX file
LaTeX Font Info:    Redeclaring font encoding T1 on input line 43.
)) (./cernall.sty
Package: cernall 2009/01/06 CERN common LaTeX style components (version 1.37)

(/usr/local/texlive/2013/texmf-dist/tex/latex/tools/longtable.sty
Package: longtable 2004/02/01 v4.11 Multi-page Table package (DPC)
\LTleft=\skip55
\LTright=\skip56
\LTpre=\skip57
\LTpost=\skip58
\LTchunksize=\count91
\LTcapwidth=\dimen105
\LT@head=\box26
\LT@firsthead=\box27
\LT@foot=\box28
\LT@lastfoot=\box29
\LT@cols=\count92
\LT@rows=\count93
\c@LT@tables=\count94
\c@LT@chunks=\count95
\LT@p@ftn=\toks15
)
(/usr/local/texlive/2013/texmf-dist/tex/latex/tools/array.sty
Package: array 2008/09/09 v2.4c Tabular extension package (FMi)
\col@sep=\dimen106
\extrarowheight=\dimen107
\NC@list=\toks16
\extratabsurround=\skip59
\backup@length=\skip60
)
(/usr/local/texlive/2013/texmf-dist/tex/latex/tools/tabularx.sty
Package: tabularx 1999/01/07 v2.07 `tabularx' package (DPC)
\TX@col@width=\dimen108
\TX@old@table=\dimen109
\TX@old@col=\dimen110
\TX@target=\dimen111
\TX@delta=\dimen112
\TX@cols=\count96
\TX@ftn=\toks17
)
(/usr/local/texlive/2013/texmf-dist/tex/latex/tools/dcolumn.sty
Package: dcolumn 2001/05/28 v1.06 decimal alignment package (DPC)
)
(/usr/local/texlive/2013/texmf-dist/tex/latex/base/textcomp.sty
Package: textcomp 2005/09/27 v1.99g Standard LaTeX package
Package textcomp Info: Sub-encoding information:
(textcomp)               5 = only ISO-Adobe without \textcurrency
(textcomp)               4 = 5 + \texteuro
(textcomp)               3 = 4 + \textohm
(textcomp)               2 = 3 + \textestimated + \textcurrency
(textcomp)               1 = TS1 - \textcircled - \t
(textcomp)               0 = TS1 (full)
(textcomp)             Font families with sub-encoding setting implement
(textcomp)             only a restricted character set as indicated.
(textcomp)             Family '?' is the default used for unknown fonts.
(textcomp)             See the documentation for details.
Package textcomp Info: Setting ? sub-encoding to TS1/1 on input line 71.

(/usr/local/texlive/2013/texmf-dist/tex/latex/base/ts1enc.def
File: ts1enc.def 2001/06/05 v3.0e (jk/car/fm) Standard LaTeX file
)
LaTeX Info: Redefining \oldstylenums on input line 266.
Package textcomp Info: Setting cmr sub-encoding to TS1/0 on input line 281.
Package textcomp Info: Setting cmss sub-encoding to TS1/0 on input line 282.
Package textcomp Info: Setting cmtt sub-encoding to TS1/0 on input line 283.
Package textcomp Info: Setting cmvtt sub-encoding to TS1/0 on input line 284.
Package textcomp Info: Setting cmbr sub-encoding to TS1/0 on input line 285.
Package textcomp Info: Setting cmtl sub-encoding to TS1/0 on input line 286.
Package textcomp Info: Setting ccr sub-encoding to TS1/0 on input line 287.
Package textcomp Info: Setting ptm sub-encoding to TS1/4 on input line 288.
Package textcomp Info: Setting pcr sub-encoding to TS1/4 on input line 289.
Package textcomp Info: Setting phv sub-encoding to TS1/4 on input line 290.
Package textcomp Info: Setting ppl sub-encoding to TS1/3 on input line 291.
Package textcomp Info: Setting pag sub-encoding to TS1/4 on input line 292.
Package textcomp Info: Setting pbk sub-encoding to TS1/4 on input line 293.
Package textcomp Info: Setting pnc sub-encoding to TS1/4 on input line 294.
Package textcomp Info: Setting pzc sub-encoding to TS1/4 on input line 295.
Package textcomp Info: Setting bch sub-encoding to TS1/4 on input line 296.
Package textcomp Info: Setting put sub-encoding to TS1/5 on input line 297.
Package textcomp Info: Setting uag sub-encoding to TS1/5 on input line 298.
Package textcomp Info: Setting ugq sub-encoding to TS1/5 on input line 299.
Package textcomp Info: Setting ul8 sub-encoding to TS1/4 on input line 300.
Package textcomp Info: Setting ul9 sub-encoding to TS1/4 on input line 301.
Package textcomp Info: Setting augie sub-encoding to TS1/5 on input line 302.
Package textcomp Info: Setting dayrom sub-encoding to TS1/3 on input line 303.
Package textcomp Info: Setting dayroms sub-encoding to TS1/3 on input line 304.

Package textcomp Info: Setting pxr sub-encoding to TS1/0 on input line 305.
Package textcomp Info: Setting pxss sub-encoding to TS1/0 on input line 306.
Package textcomp Info: Setting pxtt sub-encoding to TS1/0 on input line 307.
Package textcomp Info: Setting txr sub-encoding to TS1/0 on input line 308.
Package textcomp Info: Setting txss sub-encoding to TS1/0 on input line 309.
Package textcomp Info: Setting txtt sub-encoding to TS1/0 on input line 310.
Package textcomp Info: Setting lmr sub-encoding to TS1/0 on input line 311.
Package textcomp Info: Setting lmdh sub-encoding to TS1/0 on input line 312.
Package textcomp Info: Setting lmss sub-encoding to TS1/0 on input line 313.
Package textcomp Info: Setting lmssq sub-encoding to TS1/0 on input line 314.
Package textcomp Info: Setting lmvtt sub-encoding to TS1/0 on input line 315.
Package textcomp Info: Setting qhv sub-encoding to TS1/0 on input line 316.
Package textcomp Info: Setting qag sub-encoding to TS1/0 on input line 317.
Package textcomp Info: Setting qbk sub-encoding to TS1/0 on input line 318.
Package textcomp Info: Setting qcr sub-encoding to TS1/0 on input line 319.
Package textcomp Info: Setting qcs sub-encoding to TS1/0 on input line 320.
Package textcomp Info: Setting qpl sub-encoding to TS1/0 on input line 321.
Package textcomp Info: Setting qtm sub-encoding to TS1/0 on input line 322.
Package textcomp Info: Setting qzc sub-encoding to TS1/0 on input line 323.
Package textcomp Info: Setting qhvc sub-encoding to TS1/0 on input line 324.
Package textcomp Info: Setting futs sub-encoding to TS1/4 on input line 325.
Package textcomp Info: Setting futx sub-encoding to TS1/4 on input line 326.
Package textcomp Info: Setting futj sub-encoding to TS1/4 on input line 327.
Package textcomp Info: Setting hlh sub-encoding to TS1/3 on input line 328.
Package textcomp Info: Setting hls sub-encoding to TS1/3 on input line 329.
Package textcomp Info: Setting hlst sub-encoding to TS1/3 on input line 330.
Package textcomp Info: Setting hlct sub-encoding to TS1/5 on input line 331.
Package textcomp Info: Setting hlx sub-encoding to TS1/5 on input line 332.
Package textcomp Info: Setting hlce sub-encoding to TS1/5 on input line 333.
Package textcomp Info: Setting hlcn sub-encoding to TS1/5 on input line 334.
Package textcomp Info: Setting hlcw sub-encoding to TS1/5 on input line 335.
Package textcomp Info: Setting hlcf sub-encoding to TS1/5 on input line 336.
Package textcomp Info: Setting pplx sub-encoding to TS1/3 on input line 337.
Package textcomp Info: Setting pplj sub-encoding to TS1/3 on input line 338.
Package textcomp Info: Setting ptmx sub-encoding to TS1/4 on input line 339.
Package textcomp Info: Setting ptmj sub-encoding to TS1/4 on input line 340.
)
(/usr/local/texlive/2013/texmf-dist/tex/latex/multirow/multirow.sty
\bigstrutjot=\dimen113
)
(/usr/local/texlive/2013/texmf-dist/tex/latex/graphics/graphicx.sty
Package: graphicx 1999/02/16 v1.0f Enhanced LaTeX Graphics (DPC,SPQR)

(/usr/local/texlive/2013/texmf-dist/tex/latex/graphics/keyval.sty
Package: keyval 1999/03/16 v1.13 key=value parser (DPC)
\KV@toks@=\toks18
)
(/usr/local/texlive/2013/texmf-dist/tex/latex/graphics/graphics.sty
Package: graphics 2009/02/05 v1.0o Standard LaTeX Graphics (DPC,SPQR)

(/usr/local/texlive/2013/texmf-dist/tex/latex/graphics/trig.sty
Package: trig 1999/03/16 v1.09 sin cos tan (DPC)
)
(/usr/local/texlive/2013/texmf-dist/tex/latex/latexconfig/graphics.cfg
File: graphics.cfg 2010/04/23 v1.9 graphics configuration of TeX Live
)
Package graphics Info: Driver file: pdftex.def on input line 91.

(/usr/local/texlive/2013/texmf-dist/tex/latex/pdftex-def/pdftex.def
File: pdftex.def 2011/05/27 v0.06d Graphics/color for pdfTeX

(/usr/local/texlive/2013/texmf-dist/tex/generic/oberdiek/infwarerr.sty
Package: infwarerr 2010/04/08 v1.3 Providing info/warning/error messages (HO)
)
(/usr/local/texlive/2013/texmf-dist/tex/generic/oberdiek/ltxcmds.sty
Package: ltxcmds 2011/11/09 v1.22 LaTeX kernel commands for general use (HO)
)
\Gread@gobject=\count97
))
\Gin@req@height=\dimen114
\Gin@req@width=\dimen115
)
(/usr/local/texlive/2013/texmf-dist/tex/latex/url/url.sty
\Urlmuskip=\muskip10
Package: url 2006/04/12  ver 3.3  Verb mode for urls, etc.
)
(/usr/local/texlive/2013/texmf-dist/tex/latex/tools/bm.sty
Package: bm 2004/02/26 v1.1c Bold Symbol Support (DPC/FMi)
\symboldoperators=\mathgroup4
\symboldletters=\mathgroup5
\symboldsymbols=\mathgroup6
LaTeX Font Info:    Redeclaring math alphabet \mathbf on input line 138.
LaTeX Info: Redefining \bm on input line 204.
)
(/usr/local/texlive/2013/texmf-dist/tex/latex/amsmath/amsmath.sty
Package: amsmath 2013/01/14 v2.14 AMS math features
\@mathmargin=\skip61

For additional information on amsmath, use the `?' option.
(/usr/local/texlive/2013/texmf-dist/tex/latex/amsmath/amstext.sty
Package: amstext 2000/06/29 v2.01

(/usr/local/texlive/2013/texmf-dist/tex/latex/amsmath/amsgen.sty
File: amsgen.sty 1999/11/30 v2.0
\@emptytoks=\toks19
\ex@=\dimen116
))
(/usr/local/texlive/2013/texmf-dist/tex/latex/amsmath/amsbsy.sty
Package: amsbsy 1999/11/29 v1.2d
LaTeX Info: Redefining \boldsymbol on input line 39.
\pmbraise@=\dimen117
)
(/usr/local/texlive/2013/texmf-dist/tex/latex/amsmath/amsopn.sty
Package: amsopn 1999/12/14 v2.01 operator names
)
\inf@bad=\count98
LaTeX Info: Redefining \frac on input line 210.
\uproot@=\count99
\leftroot@=\count100
LaTeX Info: Redefining \overline on input line 306.
\classnum@=\count101
\DOTSCASE@=\count102
LaTeX Info: Redefining \ldots on input line 378.
LaTeX Info: Redefining \dots on input line 381.
LaTeX Info: Redefining \cdots on input line 466.
\Mathstrutbox@=\box30
\strutbox@=\box31
\big@size=\dimen118
LaTeX Font Info:    Redeclaring font encoding OML on input line 566.
LaTeX Font Info:    Redeclaring font encoding OMS on input line 567.
\macc@depth=\count103
\c@MaxMatrixCols=\count104
\dotsspace@=\muskip11
\c@parentequation=\count105
\dspbrk@lvl=\count106
\tag@help=\toks20
\row@=\count107
\column@=\count108
\maxfields@=\count109
\andhelp@=\toks21
\eqnshift@=\dimen119
\alignsep@=\dimen120
\tagshift@=\dimen121
\tagwidth@=\dimen122
\totwidth@=\dimen123
\lineht@=\dimen124
\@envbody=\toks22
\multlinegap=\skip62
\multlinetaggap=\skip63
\mathdisplay@stack=\toks23
LaTeX Info: Redefining \[ on input line 2665.
LaTeX Info: Redefining \] on input line 2666.
)
(/usr/local/texlive/2013/texmf-dist/tex/latex/amsfonts/amssymb.sty
Package: amssymb 2013/01/14 v3.01 AMS font symbols

(/usr/local/texlive/2013/texmf-dist/tex/latex/amsfonts/amsfonts.sty
Package: amsfonts 2013/01/14 v3.01 Basic AMSFonts support
\symAMSa=\mathgroup7
\symAMSb=\mathgroup8
LaTeX Font Info:    Overwriting math alphabet `\mathfrak' in version `bold'
(Font)                  U/euf/m/n --> U/euf/b/n on input line 106.
))
(/usr/local/texlive/2013/texmf-dist/tex/latex/carlisle/slashed.sty
Package: slashed 1997/01/16 v0.01 Feynman Slashed Character Notation (DPC)
)
(/usr/local/texlive/2013/texmf-dist/tex/latex/fancyvrb/fancyvrb.sty
Package: fancyvrb 2008/02/07

Style option: `fancyvrb' v2.7a, with DG/SPQR fixes, and firstline=lastline fix 
<2008/02/07> (tvz)
\FV@CodeLineNo=\count110
\FV@InFile=\read1
\FV@TabBox=\box32
\c@FancyVerbLine=\count111
\FV@StepNumber=\count112
\FV@OutFile=\write3
)
(/usr/local/texlive/2013/texmf-dist/tex/latex/tools/xspace.sty
Package: xspace 2009/10/20 v1.13 Space after command names (DPC,MH)
)
(./heppennames2.sty
Package: heppennames2 2011/06/05 Elementary Particle Naming Scheme - Version (1
.5)
 (./hepparticles.sty
Package: hepparticles 2005/02/22 HEP particle typesetting (v1.4)

(/usr/local/texlive/2013/texmf-dist/tex/latex/maybemath/maybemath.sty
Package: maybemath 2005/2/22
))
Declaring upgreek from Symbol scaled 90\%
\symugrf@m=\mathgroup9
LaTeX Info: Redefining \PGSpm on input line 331.
LaTeX Info: Redefining \PKst on input line 600.
LaTeX Info: Redefining \PBst on input line 711.
) (./cernchemsym.sty
Package: cernchemsym 2005/10/19 v.1.0 Chemical symbols
) (./cernunits.sty
Package: cernunits 2009/05/12 CERN units LaTeX style components (version 1.08)
) (/usr/local/texlive/2013/texmf-dist/tex/latex/jknapltx/mathrsfs.sty
Package: mathrsfs 1996/01/01 Math RSFS package v1.0 (jk)
\symrsfs=\mathgroup10
)
\c@instfoot=\count113
\Mylena=\skip64
\Mylenb=\skip65
\Mylenc=\skip66
)))
(/usr/local/texlive/2013/texmf-dist/tex/generic/misc/texnames.sty
This is texnames.sty, Version 1.10 <02 March 1998>
) (/usr/local/texlive/2013/texmf-dist/tex/latex/base/fontenc.sty
Package: fontenc 2005/09/27 v1.99g Standard LaTeX package

(/usr/local/texlive/2013/texmf-dist/tex/latex/base/t1enc.def
File: t1enc.def 2005/09/27 v1.99g Standard LaTeX file
LaTeX Font Info:    Redeclaring font encoding T1 on input line 43.
))
(/usr/local/texlive/2013/texmf-dist/tex/latex/cancel/cancel.sty
Package: cancel 2000/03/12 v2.1 Cancel math terms
)
(/usr/local/texlive/2013/texmf-dist/tex/latex/subfigure/subfigure.sty
Package: subfigure 2002/03/15 v2.1.5 subfigure package
\subfigtopskip=\skip67
\subfigcapskip=\skip68
\subfigcaptopadj=\dimen125
\subfigbottomskip=\skip69
\subfigcapmargin=\dimen126
\subfiglabelskip=\skip70
\c@subfigure=\count114
\c@lofdepth=\count115
\c@subtable=\count116
\c@lotdepth=\count117

****************************************
* Local config file subfigure.cfg used *
****************************************
(/usr/local/texlive/2013/texmf-dist/tex/latex/subfigure/subfigure.cfg)
\subfig@top=\skip71
\subfig@bottom=\skip72
)
(/usr/local/texlive/2013/texmf-dist/tex/latex/units/units.sty
Package: units 1998/08/04 v0.9b Typesetting units

(/usr/local/texlive/2013/texmf-dist/tex/latex/units/nicefrac.sty
Package: nicefrac 1998/08/04 v0.9b Nice fractions
\L@UnitsRaiseDisplaystyle=\skip73
\L@UnitsRaiseTextstyle=\skip74
\L@UnitsRaiseScriptstyle=\skip75
))
(/usr/local/texlive/2013/texmf-dist/tex/latex/graphics/color.sty
Package: color 2005/11/14 v1.0j Standard LaTeX Color (DPC)

(/usr/local/texlive/2013/texmf-dist/tex/latex/latexconfig/color.cfg
File: color.cfg 2007/01/18 v1.5 color configuration of teTeX/TeXLive
)
Package color Info: Driver file: pdftex.def on input line 130.
)
(/usr/local/texlive/2013/texmf-dist/tex/latex/oberdiek/epstopdf.sty
Package: epstopdf 2010/02/09 v2.5 Conversion with epstopdf on the fly (HO)

(/usr/local/texlive/2013/texmf-dist/tex/latex/oberdiek/epstopdf-base.sty
Package: epstopdf-base 2010/02/09 v2.5 Base part for package epstopdf

(/usr/local/texlive/2013/texmf-dist/tex/latex/oberdiek/grfext.sty
Package: grfext 2010/08/19 v1.1 Manage graphics extensions (HO)

(/usr/local/texlive/2013/texmf-dist/tex/generic/oberdiek/kvdefinekeys.sty
Package: kvdefinekeys 2011/04/07 v1.3 Define keys (HO)
))
(/usr/local/texlive/2013/texmf-dist/tex/latex/oberdiek/kvoptions.sty
Package: kvoptions 2011/06/30 v3.11 Key value format for package options (HO)

(/usr/local/texlive/2013/texmf-dist/tex/generic/oberdiek/kvsetkeys.sty
Package: kvsetkeys 2012/04/25 v1.16 Key value parser (HO)

(/usr/local/texlive/2013/texmf-dist/tex/generic/oberdiek/etexcmds.sty
Package: etexcmds 2011/02/16 v1.5 Avoid name clashes with e-TeX commands (HO)

(/usr/local/texlive/2013/texmf-dist/tex/generic/oberdiek/ifluatex.sty
Package: ifluatex 2010/03/01 v1.3 Provides the ifluatex switch (HO)
Package ifluatex Info: LuaTeX not detected.
)
Package etexcmds Info: Could not find \expanded.
(etexcmds)             That can mean that you are not using pdfTeX 1.50 or
(etexcmds)             that some package has redefined \expanded.
(etexcmds)             In the latter case, load this package earlier.
)))
(/usr/local/texlive/2013/texmf-dist/tex/generic/oberdiek/pdftexcmds.sty
Package: pdftexcmds 2011/11/29 v0.20 Utility functions of pdfTeX for LuaTeX (HO
)
Package pdftexcmds Info: LuaTeX not detected.
Package pdftexcmds Info: \pdf@primitive is available.
Package pdftexcmds Info: \pdf@ifprimitive is available.
Package pdftexcmds Info: \pdfdraftmode found.
)
Package grfext Info: Graphics extension search list:
(grfext)             [.png,.pdf,.jpg,.mps,.jpeg,.jbig2,.jb2,.PNG,.PDF,.JPG,.JPE
G,.JBIG2,.JB2,.eps]
(grfext)             \AppendGraphicsExtensions on input line 452.

(/usr/local/texlive/2013/texmf-dist/tex/latex/latexconfig/epstopdf-sys.cfg
File: epstopdf-sys.cfg 2010/07/13 v1.3 Configuration of (r)epstopdf for TeX Liv
e
)))
(/usr/local/texlive/2013/texmf-dist/tex/latex/listings/listings.sty
\lst@mode=\count118
\lst@gtempboxa=\box33
\lst@token=\toks24
\lst@length=\count119
\lst@currlwidth=\dimen127
\lst@column=\count120
\lst@pos=\count121
\lst@lostspace=\dimen128
\lst@width=\dimen129
\lst@newlines=\count122
\lst@lineno=\count123
\lst@maxwidth=\dimen130

(/usr/local/texlive/2013/texmf-dist/tex/latex/listings/lstmisc.sty
File: lstmisc.sty 2007/02/22 1.4 (Carsten Heinz)
\c@lstnumber=\count124
\lst@skipnumbers=\count125
\lst@framebox=\box34
)
(/usr/local/texlive/2013/texmf-dist/tex/latex/listings/listings.cfg
File: listings.cfg 2007/02/22 1.4 listings configuration
))
Package: listings 2007/02/22 1.4 (Carsten Heinz)

(./practical-statistics-for-LHC.aux

LaTeX Warning: Label `eq:lambdatilde' multiply defined.

)
\openout1 = `practical-statistics-for-LHC.aux'.

LaTeX Font Info:    Checking defaults for OML/cmm/m/it on input line 67.
LaTeX Font Info:    ... okay on input line 67.
LaTeX Font Info:    Checking defaults for T1/cmr/m/n on input line 67.
LaTeX Font Info:    ... okay on input line 67.
LaTeX Font Info:    Checking defaults for OT1/cmr/m/n on input line 67.
LaTeX Font Info:    ... okay on input line 67.
LaTeX Font Info:    Checking defaults for OMS/cmsy/m/n on input line 67.
LaTeX Font Info:    ... okay on input line 67.
LaTeX Font Info:    Checking defaults for OMX/cmex/m/n on input line 67.
LaTeX Font Info:    ... okay on input line 67.
LaTeX Font Info:    Checking defaults for U/cmr/m/n on input line 67.
LaTeX Font Info:    ... okay on input line 67.
LaTeX Font Info:    Checking defaults for TS1/cmr/m/n on input line 67.
LaTeX Font Info:    Try loading font information for TS1+cmr on input line 67.
 (/usr/local/texlive/2013/texmf-dist/tex/latex/base/ts1cmr.fd
File: ts1cmr.fd 1999/05/25 v2.5h Standard LaTeX font definitions
)
LaTeX Font Info:    ... okay on input line 67.
LaTeX Font Info:    Try loading font information for T1+ptm on input line 67.

(/usr/local/texlive/2013/texmf-dist/tex/latex/psnfss/t1ptm.fd
File: t1ptm.fd 2001/06/04 font definitions for T1/ptm.
)
(/usr/local/texlive/2013/texmf-dist/tex/context/base/supp-pdf.mkii
[Loading MPS to PDF converter (version 2006.09.02).]
\scratchcounter=\count126
\scratchdimen=\dimen131
\scratchbox=\box35
\nofMPsegments=\count127
\nofMParguments=\count128
\everyMPshowfont=\toks25
\MPscratchCnt=\count129
\MPscratchDim=\dimen132
\MPnumerator=\count130
\makeMPintoPDFobject=\count131
\everyMPtoPDFconversion=\toks26
)
\c@lstlisting=\count132
LaTeX Font Info:    Font shape `T1/ptm/bx/n' in size <14.4> not available
(Font)              Font shape `T1/ptm/b/n' tried instead on input line 74.

Underfull \hbox (badness 10000) in paragraph at lines 74--74

 []

LaTeX Font Info:    Font shape `T1/ptm/bx/n' in size <10.95> not available
(Font)              Font shape `T1/ptm/b/n' tried instead on input line 77.
[1

{/usr/local/texlive/2013/texmf-var/fonts/map/pdftex/updmap/pdftex.map}]
(./practical-statistics-for-LHC.toc
LaTeX Font Info:    Try loading font information for U+msa on input line 1.

(/usr/local/texlive/2013/texmf-dist/tex/latex/amsfonts/umsa.fd
File: umsa.fd 2013/01/14 v3.01 AMS symbols A
)
LaTeX Font Info:    Try loading font information for U+msb on input line 1.

(/usr/local/texlive/2013/texmf-dist/tex/latex/amsfonts/umsb.fd
File: umsb.fd 2013/01/14 v3.01 AMS symbols B
)
LaTeX Font Info:    Font shape `U/fsy/m/n' will be
(Font)              scaled to size 9.85492pt on input line 1.
LaTeX Font Info:    Font shape `U/fsy/m/n' will be
(Font)              scaled to size 7.19995pt on input line 1.
LaTeX Font Info:    Font shape `U/fsy/m/n' will be
(Font)              scaled to size 5.39996pt on input line 1.
LaTeX Font Info:    Try loading font information for U+rsfs on input line 1.

(/usr/local/texlive/2013/texmf-dist/tex/latex/jknapltx/ursfs.fd
File: ursfs.fd 1998/03/24 rsfs font definition file (jk)
))
\tf@toc=\write4
\openout4 = `practical-statistics-for-LHC.toc'.

 [2]
LaTeX Font Info:    Font shape `T1/ptm/bx/n' in size <12> not available
(Font)              Font shape `T1/ptm/b/n' tried instead on input line 89.
LaTeX Font Info:    Font shape `U/fsy/m/n' will be
(Font)              scaled to size 8.09995pt on input line 94.
LaTeX Font Info:    Font shape `U/fsy/m/n' will be
(Font)              scaled to size 4.49997pt on input line 94.
LaTeX Font Info:    Try loading font information for T1+cmtt on input line 94.

(/usr/local/texlive/2013/texmf-dist/tex/latex/base/t1cmtt.fd
File: t1cmtt.fd 1999/05/25 v2.5h Standard LaTeX font definitions
) [3]
Overfull \hbox (10.166pt too wide) in paragraph at lines 141--142
[]\T1/ptm/m/n/10.95 . In \T1/cmtt/m/n/10.95 RooFit
 []

[4] <./figures/Hierarchy_with_Notation.pdf, id=33, 718.685pt x 657.45625pt>
File: ./figures/Hierarchy_with_Notation.pdf Graphic file (type pdf)

<use ./figures/Hierarchy_with_Notation.pdf>
Package pdftex.def Info: ./figures/Hierarchy_with_Notation.pdf used on input li
ne 157.
(pdftex.def)             Requested size: 273.14922pt x 249.88612pt.
LaTeX Font Info:    Font shape `T1/ptm/bx/n' in size <10> not available
(Font)              Font shape `T1/ptm/b/n' tried instead on input line 158.
 [5 <./figures/Hierarchy_with_Notation.pdf>] [6]
LaTeX Font Info:    Font shape `T1/ptm/bx/it' in size <10.95> not available
(Font)              Font shape `T1/ptm/b/it' tried instead on input line 192.
 [7] [8] [9]
<./figures/NeymanPearsonLemma.pdf, id=102, 683.55376pt x 488.82625pt>
File: ./figures/NeymanPearsonLemma.pdf Graphic file (type pdf)

<use ./figures/NeymanPearsonLemma.pdf>
Package pdftex.def Info: ./figures/NeymanPearsonLemma.pdf used on input line 27
8.
(pdftex.def)             Requested size: 295.90587pt x 211.61583pt.


LaTeX Warning: `h' float specifier changed to `ht'.

[10] [11 <./figures/NeymanPearsonLemma.pdf>]

LaTeX Warning: File `CLs.eps' not found on input line 308.

Package epstopdf Info: Source file: <CLs.eps>
(epstopdf)             Output file: <./figures/CLs-eps-converted-to.pdf>
(epstopdf)                    date: 2015-03-15 06:34:40
(epstopdf)                    size: 22755 bytes
(epstopdf)             Command: <repstopdf --outfile=./figures/CLs-eps-converte
d-to.pdf CLs.eps>
(epstopdf)             \includegraphics on input line 308.
Package epstopdf Info: Output file is already uptodate.
<./figures/CLs-eps-converted-to.pdf, id=200, 569.12625pt x 412.54124pt>
File: ./figures/CLs-eps-converted-to.pdf Graphic file (type pdf)

<use ./figures/CLs-eps-converted-to.pdf>
Package pdftex.def Info: ./figures/CLs-eps-converted-to.pdf used on input line 
308.
(pdftex.def)             Requested size: 259.49245pt x 188.10313pt.

<./figures/s11_mt_mw_contours.pdf, id=201, 569.12625pt x 626.34pt>
File: ./figures/s11_mt_mw_contours.pdf Graphic file (type pdf)

<use ./figures/s11_mt_mw_contours.pdf>
Package pdftex.def Info: ./figures/s11_mt_mw_contours.pdf used on input line 30
9.
(pdftex.def)             Requested size: 186.65173pt x 205.41217pt.
 [12 <./figures/CLs-eps-converted-to.pdf> <./figures/s11_mt_mw_contours.pdf>]
<./figures/NC_schematic_obs.pdf, id=222, 695.59875pt x 390.45876pt>
File: ./figures/NC_schematic_obs.pdf Graphic file (type pdf)

<use ./figures/NC_schematic_obs.pdf>
Package pdftex.def Info: ./figures/NC_schematic_obs.pdf used on input line 334.

(pdftex.def)             Requested size: 409.71689pt x 229.9814pt.
LaTeX Font Info:    Font shape `U/fsy/m/n' will be
(Font)              scaled to size 8.99994pt on input line 335.
LaTeX Font Info:    Font shape `U/fsy/m/n' will be
(Font)              scaled to size 6.29996pt on input line 335.
 [13 <./figures/NC_schematic_obs.pdf>]
<./figures/fc_to_NC_twosided.pdf, id=247, 772.8875pt x 386.44376pt>
File: ./figures/fc_to_NC_twosided.pdf Graphic file (type pdf)

<use ./figures/fc_to_NC_twosided.pdf>
Package pdftex.def Info: ./figures/fc_to_NC_twosided.pdf used on input line 346
.
(pdftex.def)             Requested size: 409.71689pt x 204.85548pt.
 [14 <./figures/fc_to_NC_twosided.pdf>]

LaTeX Warning: Citation `Sredniki' on page 15 undefined on input line 379.


LaTeX Warning: Citation `MonteCarlo' on page 15 undefined on input line 381.

[15] [16] [17]

LaTeX Warning: `h' float specifier changed to `ht'.


LaTeX Warning: `h' float specifier changed to `ht'.

[18] [19]

LaTeX Warning: Reference `fig:interp2d' on page 20 undefined on input line 504.


[20] <./figures/interpOption_8_12.pdf, id=434, 569.12625pt x 534.99875pt>
File: ./figures/interpOption_8_12.pdf Graphic file (type pdf)

<use ./figures/interpOption_8_12.pdf>
Package pdftex.def Info: ./figures/interpOption_8_12.pdf used on input line 568
.
(pdftex.def)             Requested size: 182.09485pt x 171.1786pt.

<./figures/interpOption_11_15.pdf, id=435, 569.12625pt x 534.99875pt>
File: ./figures/interpOption_11_15.pdf Graphic file (type pdf)

<use ./figures/interpOption_11_15.pdf>
Package pdftex.def Info: ./figures/interpOption_11_15.pdf used on input line 56
9.
(pdftex.def)             Requested size: 182.09485pt x 171.1786pt.

<./figures/interpOption_2_18.pdf, id=436, 569.12625pt x 534.99875pt>
File: ./figures/interpOption_2_18.pdf Graphic file (type pdf)

<use ./figures/interpOption_2_18.pdf>
Package pdftex.def Info: ./figures/interpOption_2_18.pdf used on input line 570
.
(pdftex.def)             Requested size: 182.09485pt x 171.1786pt.

<./figures/interpOption_10_15.pdf, id=437, 569.12625pt x 534.99875pt>
File: ./figures/interpOption_10_15.pdf Graphic file (type pdf)

<use ./figures/interpOption_10_15.pdf>
Package pdftex.def Info: ./figures/interpOption_10_15.pdf used on input line 57
1.
(pdftex.def)             Requested size: 182.09485pt x 171.1786pt.
 [21 <./figures/interpOption_8_12.pdf, page is rotated 90 degrees> <./figures/i
nterpOption_11_15.pdf, page is rotated 90 degrees> <./figures/interpOption_2_18
.pdf, page is rotated 90 degrees> <./figures/interpOption_10_15.pdf, page is ro
tated 90 degrees>] [22] [23]
<./figures/lognormal.pdf, id=620, 569.12625pt x 359.3425pt>
File: ./figures/lognormal.pdf Graphic file (type pdf)

<use ./figures/lognormal.pdf>
Package pdftex.def Info: ./figures/lognormal.pdf used on input line 662.
(pdftex.def)             Requested size: 273.14922pt x 172.47147pt.
 [24 <./figures/lognormal.pdf, page is rotated 90 degrees>] [25] <./figures/H_2
ph.pdf, id=671, 569.12625pt x 515.9275pt>
File: ./figures/H_2ph.pdf Graphic file (type pdf)

<use ./figures/H_2ph.pdf>
Package pdftex.def Info: ./figures/H_2ph.pdf used on input line 708.
(pdftex.def)             Requested size: 182.09485pt x 165.07655pt.
Package epstopdf Info: Source file: <./figures/H_2ph_contributions.eps>
(epstopdf)                    date: 2015-03-15 06:34:40
(epstopdf)                    size: 47506 bytes
(epstopdf)             Output file: <./figures/H_2ph_contributions-eps-converte
d-to.pdf>
(epstopdf)                    date: 2015-03-15 06:34:40
(epstopdf)                    size: 24258 bytes
(epstopdf)             Command: <repstopdf --outfile=./figures/H_2ph_contributi
ons-eps-converted-to.pdf ./figures/H_2ph_contributions.eps>
(epstopdf)             \includegraphics on input line 709.
Package epstopdf Info: Output file is already uptodate.

<./figures/H_2ph_contributions-eps-converted-to.pdf, id=672, 569.12625pt x 410.
53375pt>
File: ./figures/H_2ph_contributions-eps-converted-to.pdf Graphic file (type pdf
)
 <use ./figures/H_2ph_contributions-eps-converted-to.pdf>
Package pdftex.def Info: ./figures/H_2ph_contributions-eps-converted-to.pdf use
d on input line 709.
(pdftex.def)             Requested size: 227.62204pt x 164.19179pt.

Underfull \hbox (badness 10000) in paragraph at lines 728--729

 []

[26 <./figures/H_2ph.pdf> <./figures/H_2ph_contributions-eps-converted-to.pdf>]
<./figures/ABCD.pdf, id=716, 492.43584pt x 344.30463pt>
File: ./figures/ABCD.pdf Graphic file (type pdf)

<use ./figures/ABCD.pdf>
Package pdftex.def Info: ./figures/ABCD.pdf used on input line 739.
(pdftex.def)             Requested size: 213.96527pt x 149.60318pt.

<./figures/SUSY-2011-08-figaux_01a.pdf, id=717, 570.13pt x 386.44376pt>
File: ./figures/SUSY-2011-08-figaux_01a.pdf Graphic file (type pdf)

<use ./figures/SUSY-2011-08-figaux_01a.pdf>
Package pdftex.def Info: ./figures/SUSY-2011-08-figaux_01a.pdf used on input li
ne 740.
(pdftex.def)             Requested size: 227.62204pt x 154.28583pt.
 [27 <./figures/ABCD.pdf> <./figures/SUSY-2011-08-figaux_01a.pdf>] [28]
<./figures/PLR_x.png, id=788, 659.46375pt x 746.79pt>
File: ./figures/PLR_x.png Graphic file (type png)

<use ./figures/PLR_x.png>
Package pdftex.def Info: ./figures/PLR_x.png used on input line 815.
(pdftex.def)             Requested size: 136.5746pt x 154.65405pt.

<./figures/PLR_y.png, id=789, 686.565pt x 789.95125pt>
File: ./figures/PLR_y.png Graphic file (type png)

<use ./figures/PLR_y.png>
Package pdftex.def Info: ./figures/PLR_y.png used on input line 816.
(pdftex.def)             Requested size: 136.5746pt x 157.13164pt.

<./figures/PLR_persp.png, id=790, 624.3325pt x 770.88pt>
File: ./figures/PLR_persp.png Graphic file (type png)

<use ./figures/PLR_persp.png>
Package pdftex.def Info: ./figures/PLR_persp.png used on input line 817.
(pdftex.def)             Requested size: 136.5746pt x 168.62958pt.

<./figures/PLR_z.png, id=791, 573.14125pt x 569.12625pt>
File: ./figures/PLR_z.png Graphic file (type png)

<use ./figures/PLR_z.png>
Package pdftex.def Info: ./figures/PLR_z.png used on input line 818.
(pdftex.def)             Requested size: 136.5746pt x 135.62045pt.


LaTeX Warning: `h' float specifier changed to `ht'.

[29] [30 <./figures/PLR_x.png> <./figures/PLR_y.png> <./figures/PLR_persp.png> 
<./figures/PLR_z.png>]

LaTeX Warning: Reference `sec:asymptotic' on page 31 undefined on input line 89
0.


LaTeX Warning: Citation `hybridResampling' on page 31 undefined on input line 8
90.

[31] [32]

LaTeX Warning: Reference `Sec:crossChecks' on page 33 undefined on input line 9
44.

LaTeX Font Info:    Font shape `T1/ptm/bx/it' in size <8> not available
(Font)              Font shape `T1/ptm/b/it' tried instead on input line 956.
LaTeX Font Info:    Font shape `T1/ptm/bx/it' in size <6> not available
(Font)              Font shape `T1/ptm/b/it' tried instead on input line 956.
[33] [34] [35] [36]

LaTeX Warning: File `ImpSampl_r0045_126_TSDistr.eps' not found on input line 12
14.

Package epstopdf Info: Source file: <ImpSampl_r0045_126_TSDistr.eps>
(epstopdf)             Output file: <./figures/ImpSampl_r0045_126_TSDistr-eps-c
onverted-to.pdf>
(epstopdf)                    date: 2015-03-15 06:34:40
(epstopdf)                    size: 10968 bytes
(epstopdf)             Command: <repstopdf --outfile=./figures/ImpSampl_r0045_1
26_TSDistr-eps-converted-to.pdf ImpSampl_r0045_126_TSDistr.eps>
(epstopdf)             \includegraphics on input line 1214.
Package epstopdf Info: Output file is already uptodate.

<./figures/ImpSampl_r0045_126_TSDistr-eps-converted-to.pdf, id=818, 569.12625pt
 x 408.52625pt>
File: ./figures/ImpSampl_r0045_126_TSDistr-eps-converted-to.pdf Graphic file (t
ype pdf)

<use ./figures/ImpSampl_r0045_126_TSDistr-eps-converted-to.pdf>
Package pdftex.def Info: ./figures/ImpSampl_r0045_126_TSDistr-eps-converted-to.
pdf used on input line 1214.
(pdftex.def)             Requested size: 227.62204pt x 163.3889pt.
 [37]

LaTeX Warning: File `limitsGauss.eps' not found on input line 1241.

Package epstopdf Info: Source file: <limitsGauss.eps>
(epstopdf)             Output file: <./figures/limitsGauss-eps-converted-to.pdf
>
(epstopdf)                    date: 2015-03-15 06:34:40
(epstopdf)                    size: 8405 bytes
(epstopdf)             Command: <repstopdf --outfile=./figures/limitsGauss-eps-
converted-to.pdf limitsGauss.eps>
(epstopdf)             \includegraphics on input line 1241.
Package epstopdf Info: Output file is already uptodate.

<./figures/limitsGauss-eps-converted-to.pdf, id=823, 569.12625pt x 541.02126pt>
File: ./figures/limitsGauss-eps-converted-to.pdf Graphic file (type pdf)
<use ./figures/limitsGauss-eps-converted-to.pdf>
Package pdftex.def Info: ./figures/limitsGauss-eps-converted-to.pdf used on inp
ut line 1241.
(pdftex.def)             Requested size: 204.85844pt x 194.74274pt.


LaTeX Warning: File `coverageGauss.eps' not found on input line 1242.

Package epstopdf Info: Source file: <coverageGauss.eps>
(epstopdf)             Output file: <./figures/coverageGauss-eps-converted-to.p
df>
(epstopdf)                    date: 2015-03-15 06:34:40
(epstopdf)                    size: 7717 bytes
(epstopdf)             Command: <repstopdf --outfile=./figures/coverageGauss-ep
s-converted-to.pdf coverageGauss.eps>
(epstopdf)             \includegraphics on input line 1242.
Package epstopdf Info: Output file is already uptodate.

<./figures/coverageGauss-eps-converted-to.pdf, id=824, 569.12625pt x 541.02126p
t>
File: ./figures/coverageGauss-eps-converted-to.pdf Graphic file (type pdf)
 <use ./figures/coverageGauss-eps-converted-to.pdf>
Package pdftex.def Info: ./figures/coverageGauss-eps-converted-to.pdf used on i
nput line 1242.
(pdftex.def)             Requested size: 204.85844pt x 194.74274pt.
 [38 <./figures/ImpSampl_r0045_126_TSDistr-eps-converted-to.pdf>] [39 <./figure
s/limitsGauss-eps-converted-to.pdf> <./figures/coverageGauss-eps-converted-to.p
df>]
<./figures/JeffreysPriorGaussian.pdf, id=861, 810.02625pt x 476.8729pt>
File: ./figures/JeffreysPriorGaussian.pdf Graphic file (type pdf)

<use ./figures/JeffreysPriorGaussian.pdf>
Package pdftex.def Info: ./figures/JeffreysPriorGaussian.pdf used on input line
 1355.
(pdftex.def)             Requested size: 364.19664pt x 214.4089pt.

<./figures/JeffreysPriorPoisson.pdf, id=862, 803.0pt x 283.55937pt>
File: ./figures/JeffreysPriorPoisson.pdf Graphic file (type pdf)

<use ./figures/JeffreysPriorPoisson.pdf>
Package pdftex.def Info: ./figures/JeffreysPriorPoisson.pdf used on input line 
1363.
(pdftex.def)             Requested size: 364.19664pt x 128.60866pt.
 [40] [41 <./figures/JeffreysPriorGaussian.pdf> <./figures/JeffreysPriorPoisson
.pdf>]
(./practical-statistics-for-LHC.bbl [42] [43] [44]) [45]
(./practical-statistics-for-LHC.aux)

LaTeX Warning: There were undefined references.


LaTeX Warning: There were multiply-defined labels.

 ) 
Here is how much of TeX's memory you used:
 8120 strings out of 493315
 99488 string characters out of 6137904
 168996 words of memory out of 5000000
 11311 multiletter control sequences out of 15000+600000
 66729 words of font info for 116 fonts, out of 8000000 for 9000
 957 hyphenation exceptions out of 8191
 52i,16n,47p,1975b,331s stack positions out of 5000i,500n,10000p,200000b,80000s
{/usr/local/texlive/2013/texmf-dist/fonts/enc/dvips/cm-super/cm-super-t1.enc}
{/usr/local/texlive/2013/texmf-dist/fonts/enc/dvips/base/8r.enc}</usr/local/tex
live/2013/texmf-dist/fonts/type1/public/amsfonts/cm/cmbx10.pfb></usr/local/texl
ive/2013/texmf-dist/fonts/type1/public/amsfonts/cm/cmbx12.pfb></usr/local/texli
ve/2013/texmf-dist/fonts/type1/public/amsfonts/cm/cmbx8.pfb></usr/local/texlive
/2013/texmf-dist/fonts/type1/public/amsfonts/cm/cmex10.pfb></usr/local/texlive/
2013/texmf-dist/fonts/type1/public/amsfonts/cmextra/cmex9.pfb></usr/local/texli
ve/2013/texmf-dist/fonts/type1/public/amsfonts/cm/cmmi10.pfb></usr/local/texliv
e/2013/texmf-dist/fonts/type1/public/amsfonts/cm/cmmi12.pfb></usr/local/texlive
/2013/texmf-dist/fonts/type1/public/amsfonts/cm/cmmi6.pfb></usr/local/texlive/2
013/texmf-dist/fonts/type1/public/amsfonts/cm/cmmi7.pfb></usr/local/texlive/201
3/texmf-dist/fonts/type1/public/amsfonts/cm/cmmi8.pfb></usr/local/texlive/2013/
texmf-dist/fonts/type1/public/amsfonts/cm/cmmi9.pfb></usr/local/texlive/2013/te
xmf-dist/fonts/type1/public/amsfonts/cm/cmmib10.pfb></usr/local/texlive/2013/te
xmf-dist/fonts/type1/public/amsfonts/cmextra/cmmib8.pfb></usr/local/texlive/201
3/texmf-dist/fonts/type1/public/amsfonts/cm/cmr10.pfb></usr/local/texlive/2013/
texmf-dist/fonts/type1/public/amsfonts/cm/cmr12.pfb></usr/local/texlive/2013/te
xmf-dist/fonts/type1/public/amsfonts/cm/cmr6.pfb></usr/local/texlive/2013/texmf
-dist/fonts/type1/public/amsfonts/cm/cmr7.pfb></usr/local/texlive/2013/texmf-di
st/fonts/type1/public/amsfonts/cm/cmr8.pfb></usr/local/texlive/2013/texmf-dist/
fonts/type1/public/amsfonts/cm/cmr9.pfb></usr/local/texlive/2013/texmf-dist/fon
ts/type1/public/amsfonts/cm/cmsy10.pfb></usr/local/texlive/2013/texmf-dist/font
s/type1/public/amsfonts/cm/cmsy6.pfb></usr/local/texlive/2013/texmf-dist/fonts/
type1/public/amsfonts/cm/cmsy7.pfb></usr/local/texlive/2013/texmf-dist/fonts/ty
pe1/public/amsfonts/cm/cmsy8.pfb></usr/local/texlive/2013/texmf-dist/fonts/type
1/public/amsfonts/cm/cmsy9.pfb></usr/local/texlive/2013/texmf-dist/fonts/type1/
public/amsfonts/latxfont/line10.pfb></usr/local/texlive/2013/texmf-dist/fonts/t
ype1/public/amsfonts/symbols/msbm10.pfb></usr/local/texlive/2013/texmf-dist/fon
ts/type1/public/cm-super/sftt0900.pfb></usr/local/texlive/2013/texmf-dist/fonts
/type1/public/cm-super/sftt1000.pfb></usr/local/texlive/2013/texmf-dist/fonts/t
ype1/public/cm-super/sftt1095.pfb></usr/local/texlive/2013/texmf-dist/fonts/typ
e1/urw/times/utmb8a.pfb></usr/local/texlive/2013/texmf-dist/fonts/type1/urw/tim
es/utmbi8a.pfb></usr/local/texlive/2013/texmf-dist/fonts/type1/urw/times/utmr8a
.pfb></usr/local/texlive/2013/texmf-dist/fonts/type1/urw/times/utmri8a.pfb>
Output written on practical-statistics-for-LHC.pdf (45 pages, 1783223 bytes).
PDF statistics:
 1041 PDF objects out of 1200 (max. 8388607)
 707 compressed objects within 8 object streams
 0 named destinations out of 1000 (max. 500000)
 121 words of extra memory for PDF output out of 10000 (max. 10000000)

