This is pdfTeX, Version 3.1415926-2.5-1.40.14 (TeX Live 2013) (format=pdflatex 2013.5.30)  7 MAR 2015 09:08
entering extended mode
 restricted \write18 enabled.
 file:line:error style messages enabled.
 %&-line parsing enabled.
**practical-statisitcs-for-LHC.tex
(./practical-statisitcs-for-LHC.tex
LaTeX2e <2011/06/27>
Babel <3.9f> and hyphenation patterns for 78 languages loaded.
(./cernrep.cls (./cernyrep.cls
Document Class: cernyrep 2009/05/13 cernyrep class (version 2.06)
(/usr/local/texlive/2013/texmf-dist/tex/latex/base/report.cls
Document Class: report 2007/10/19 v1.4h Standard LaTeX document class
(/usr/local/texlive/2013/texmf-dist/tex/latex/base/size11.clo
File: size11.clo 2007/10/19 v1.4h Standard LaTeX file (size option)
)
\c@part=\count79
\c@chapter=\count80
\c@section=\count81
\c@subsection=\count82
\c@subsubsection=\count83
\c@paragraph=\count84
\c@subparagraph=\count85
\c@figure=\count86
\c@table=\count87
\abovecaptionskip=\skip41
\belowcaptionskip=\skip42
\bibindent=\dimen102
)
(/usr/local/texlive/2013/texmf-dist/tex/latex/base/ifthen.sty
Package: ifthen 2001/05/26 v1.1c Standard LaTeX ifthen package (DPC)
)
(/usr/local/texlive/2013/texmf-dist/tex/latex/tools/calc.sty
Package: calc 2007/08/22 v4.3 Infix arithmetic (KKT,FJ)
\calc@Acount=\count88
\calc@Bcount=\count89
\calc@Adimen=\dimen103
\calc@Bdimen=\dimen104
\calc@Askip=\skip43
\calc@Bskip=\skip44
LaTeX Info: Redefining \setlength on input line 76.
LaTeX Info: Redefining \addtolength on input line 77.
\calc@Ccount=\count90
\calc@Cskip=\skip45
)
(/usr/local/texlive/2013/texmf-dist/tex/generic/oberdiek/ifpdf.sty
Package: ifpdf 2011/01/30 v2.3 Provides the ifpdf switch (HO)
Package ifpdf Info: pdfTeX in PDF mode is detected.
)
(/usr/local/texlive/2013/texmf-dist/tex/latex/cite/cite.sty
LaTeX Info: Redefining \cite on input line 302.
LaTeX Info: Redefining \nocite on input line 373.
Package: cite 2010/09/10  v 5.3
)
(/usr/local/texlive/2013/texmf-dist/tex/latex/fancyhdr/fancyhdr.sty
\fancy@headwidth=\skip46
\f@ncyO@elh=\skip47
\f@ncyO@erh=\skip48
\f@ncyO@olh=\skip49
\f@ncyO@orh=\skip50
\f@ncyO@elf=\skip51
\f@ncyO@erf=\skip52
\f@ncyO@olf=\skip53
\f@ncyO@orf=\skip54
)
(/usr/local/texlive/2013/texmf-dist/tex/latex/truncate/truncate.sty
Package: truncate 2001/08/20  ver 3.6
\@Trunc@RestHyph=\toks14
)

Package Fancyhdr Warning: \fancyhead's `E' option without twoside option is use
less on input line 122.

(/usr/local/texlive/2013/texmf-dist/tex/latex/base/fontenc.sty
Package: fontenc 2005/09/27 v1.99g Standard LaTeX package

(/usr/local/texlive/2013/texmf-dist/tex/latex/base/t1enc.def
File: t1enc.def 2005/09/27 v1.99g Standard LaTeX file
LaTeX Font Info:    Redeclaring font encoding T1 on input line 43.
)) (./cernall.sty
Package: cernall 2009/01/06 CERN common LaTeX style components (version 1.37)

(/usr/local/texlive/2013/texmf-dist/tex/latex/tools/longtable.sty
Package: longtable 2004/02/01 v4.11 Multi-page Table package (DPC)
\LTleft=\skip55
\LTright=\skip56
\LTpre=\skip57
\LTpost=\skip58
\LTchunksize=\count91
\LTcapwidth=\dimen105
\LT@head=\box26
\LT@firsthead=\box27
\LT@foot=\box28
\LT@lastfoot=\box29
\LT@cols=\count92
\LT@rows=\count93
\c@LT@tables=\count94
\c@LT@chunks=\count95
\LT@p@ftn=\toks15
)
(/usr/local/texlive/2013/texmf-dist/tex/latex/tools/array.sty
Package: array 2008/09/09 v2.4c Tabular extension package (FMi)
\col@sep=\dimen106
\extrarowheight=\dimen107
\NC@list=\toks16
\extratabsurround=\skip59
\backup@length=\skip60
)
(/usr/local/texlive/2013/texmf-dist/tex/latex/tools/tabularx.sty
Package: tabularx 1999/01/07 v2.07 `tabularx' package (DPC)
\TX@col@width=\dimen108
\TX@old@table=\dimen109
\TX@old@col=\dimen110
\TX@target=\dimen111
\TX@delta=\dimen112
\TX@cols=\count96
\TX@ftn=\toks17
)
(/usr/local/texlive/2013/texmf-dist/tex/latex/tools/dcolumn.sty
Package: dcolumn 2001/05/28 v1.06 decimal alignment package (DPC)
)
(/usr/local/texlive/2013/texmf-dist/tex/latex/base/textcomp.sty
Package: textcomp 2005/09/27 v1.99g Standard LaTeX package
Package textcomp Info: Sub-encoding information:
(textcomp)               5 = only ISO-Adobe without \textcurrency
(textcomp)               4 = 5 + \texteuro
(textcomp)               3 = 4 + \textohm
(textcomp)               2 = 3 + \textestimated + \textcurrency
(textcomp)               1 = TS1 - \textcircled - \t
(textcomp)               0 = TS1 (full)
(textcomp)             Font families with sub-encoding setting implement
(textcomp)             only a restricted character set as indicated.
(textcomp)             Family '?' is the default used for unknown fonts.
(textcomp)             See the documentation for details.
Package textcomp Info: Setting ? sub-encoding to TS1/1 on input line 71.

(/usr/local/texlive/2013/texmf-dist/tex/latex/base/ts1enc.def
File: ts1enc.def 2001/06/05 v3.0e (jk/car/fm) Standard LaTeX file
)
LaTeX Info: Redefining \oldstylenums on input line 266.
Package textcomp Info: Setting cmr sub-encoding to TS1/0 on input line 281.
Package textcomp Info: Setting cmss sub-encoding to TS1/0 on input line 282.
Package textcomp Info: Setting cmtt sub-encoding to TS1/0 on input line 283.
Package textcomp Info: Setting cmvtt sub-encoding to TS1/0 on input line 284.
Package textcomp Info: Setting cmbr sub-encoding to TS1/0 on input line 285.
Package textcomp Info: Setting cmtl sub-encoding to TS1/0 on input line 286.
Package textcomp Info: Setting ccr sub-encoding to TS1/0 on input line 287.
Package textcomp Info: Setting ptm sub-encoding to TS1/4 on input line 288.
Package textcomp Info: Setting pcr sub-encoding to TS1/4 on input line 289.
Package textcomp Info: Setting phv sub-encoding to TS1/4 on input line 290.
Package textcomp Info: Setting ppl sub-encoding to TS1/3 on input line 291.
Package textcomp Info: Setting pag sub-encoding to TS1/4 on input line 292.
Package textcomp Info: Setting pbk sub-encoding to TS1/4 on input line 293.
Package textcomp Info: Setting pnc sub-encoding to TS1/4 on input line 294.
Package textcomp Info: Setting pzc sub-encoding to TS1/4 on input line 295.
Package textcomp Info: Setting bch sub-encoding to TS1/4 on input line 296.
Package textcomp Info: Setting put sub-encoding to TS1/5 on input line 297.
Package textcomp Info: Setting uag sub-encoding to TS1/5 on input line 298.
Package textcomp Info: Setting ugq sub-encoding to TS1/5 on input line 299.
Package textcomp Info: Setting ul8 sub-encoding to TS1/4 on input line 300.
Package textcomp Info: Setting ul9 sub-encoding to TS1/4 on input line 301.
Package textcomp Info: Setting augie sub-encoding to TS1/5 on input line 302.
Package textcomp Info: Setting dayrom sub-encoding to TS1/3 on input line 303.
Package textcomp Info: Setting dayroms sub-encoding to TS1/3 on input line 304.

Package textcomp Info: Setting pxr sub-encoding to TS1/0 on input line 305.
Package textcomp Info: Setting pxss sub-encoding to TS1/0 on input line 306.
Package textcomp Info: Setting pxtt sub-encoding to TS1/0 on input line 307.
Package textcomp Info: Setting txr sub-encoding to TS1/0 on input line 308.
Package textcomp Info: Setting txss sub-encoding to TS1/0 on input line 309.
Package textcomp Info: Setting txtt sub-encoding to TS1/0 on input line 310.
Package textcomp Info: Setting lmr sub-encoding to TS1/0 on input line 311.
Package textcomp Info: Setting lmdh sub-encoding to TS1/0 on input line 312.
Package textcomp Info: Setting lmss sub-encoding to TS1/0 on input line 313.
Package textcomp Info: Setting lmssq sub-encoding to TS1/0 on input line 314.
Package textcomp Info: Setting lmvtt sub-encoding to TS1/0 on input line 315.
Package textcomp Info: Setting qhv sub-encoding to TS1/0 on input line 316.
Package textcomp Info: Setting qag sub-encoding to TS1/0 on input line 317.
Package textcomp Info: Setting qbk sub-encoding to TS1/0 on input line 318.
Package textcomp Info: Setting qcr sub-encoding to TS1/0 on input line 319.
Package textcomp Info: Setting qcs sub-encoding to TS1/0 on input line 320.
Package textcomp Info: Setting qpl sub-encoding to TS1/0 on input line 321.
Package textcomp Info: Setting qtm sub-encoding to TS1/0 on input line 322.
Package textcomp Info: Setting qzc sub-encoding to TS1/0 on input line 323.
Package textcomp Info: Setting qhvc sub-encoding to TS1/0 on input line 324.
Package textcomp Info: Setting futs sub-encoding to TS1/4 on input line 325.
Package textcomp Info: Setting futx sub-encoding to TS1/4 on input line 326.
Package textcomp Info: Setting futj sub-encoding to TS1/4 on input line 327.
Package textcomp Info: Setting hlh sub-encoding to TS1/3 on input line 328.
Package textcomp Info: Setting hls sub-encoding to TS1/3 on input line 329.
Package textcomp Info: Setting hlst sub-encoding to TS1/3 on input line 330.
Package textcomp Info: Setting hlct sub-encoding to TS1/5 on input line 331.
Package textcomp Info: Setting hlx sub-encoding to TS1/5 on input line 332.
Package textcomp Info: Setting hlce sub-encoding to TS1/5 on input line 333.
Package textcomp Info: Setting hlcn sub-encoding to TS1/5 on input line 334.
Package textcomp Info: Setting hlcw sub-encoding to TS1/5 on input line 335.
Package textcomp Info: Setting hlcf sub-encoding to TS1/5 on input line 336.
Package textcomp Info: Setting pplx sub-encoding to TS1/3 on input line 337.
Package textcomp Info: Setting pplj sub-encoding to TS1/3 on input line 338.
Package textcomp Info: Setting ptmx sub-encoding to TS1/4 on input line 339.
Package textcomp Info: Setting ptmj sub-encoding to TS1/4 on input line 340.
)
(/usr/local/texlive/2013/texmf-dist/tex/latex/multirow/multirow.sty
\bigstrutjot=\dimen113
)
(/usr/local/texlive/2013/texmf-dist/tex/latex/graphics/graphicx.sty
Package: graphicx 1999/02/16 v1.0f Enhanced LaTeX Graphics (DPC,SPQR)

(/usr/local/texlive/2013/texmf-dist/tex/latex/graphics/keyval.sty
Package: keyval 1999/03/16 v1.13 key=value parser (DPC)
\KV@toks@=\toks18
)
(/usr/local/texlive/2013/texmf-dist/tex/latex/graphics/graphics.sty
Package: graphics 2009/02/05 v1.0o Standard LaTeX Graphics (DPC,SPQR)

(/usr/local/texlive/2013/texmf-dist/tex/latex/graphics/trig.sty
Package: trig 1999/03/16 v1.09 sin cos tan (DPC)
)
(/usr/local/texlive/2013/texmf-dist/tex/latex/latexconfig/graphics.cfg
File: graphics.cfg 2010/04/23 v1.9 graphics configuration of TeX Live
)
Package graphics Info: Driver file: pdftex.def on input line 91.

(/usr/local/texlive/2013/texmf-dist/tex/latex/pdftex-def/pdftex.def
File: pdftex.def 2011/05/27 v0.06d Graphics/color for pdfTeX

(/usr/local/texlive/2013/texmf-dist/tex/generic/oberdiek/infwarerr.sty
Package: infwarerr 2010/04/08 v1.3 Providing info/warning/error messages (HO)
)
(/usr/local/texlive/2013/texmf-dist/tex/generic/oberdiek/ltxcmds.sty
Package: ltxcmds 2011/11/09 v1.22 LaTeX kernel commands for general use (HO)
)
\Gread@gobject=\count97
))
\Gin@req@height=\dimen114
\Gin@req@width=\dimen115
)
(/usr/local/texlive/2013/texmf-dist/tex/latex/url/url.sty
\Urlmuskip=\muskip10
Package: url 2006/04/12  ver 3.3  Verb mode for urls, etc.
)
(/usr/local/texlive/2013/texmf-dist/tex/latex/tools/bm.sty
Package: bm 2004/02/26 v1.1c Bold Symbol Support (DPC/FMi)
\symboldoperators=\mathgroup4
\symboldletters=\mathgroup5
\symboldsymbols=\mathgroup6
LaTeX Font Info:    Redeclaring math alphabet \mathbf on input line 138.
LaTeX Info: Redefining \bm on input line 204.
)
(/usr/local/texlive/2013/texmf-dist/tex/latex/amsmath/amsmath.sty
Package: amsmath 2013/01/14 v2.14 AMS math features
\@mathmargin=\skip61

For additional information on amsmath, use the `?' option.
(/usr/local/texlive/2013/texmf-dist/tex/latex/amsmath/amstext.sty
Package: amstext 2000/06/29 v2.01

(/usr/local/texlive/2013/texmf-dist/tex/latex/amsmath/amsgen.sty
File: amsgen.sty 1999/11/30 v2.0
\@emptytoks=\toks19
\ex@=\dimen116
))
(/usr/local/texlive/2013/texmf-dist/tex/latex/amsmath/amsbsy.sty
Package: amsbsy 1999/11/29 v1.2d
LaTeX Info: Redefining \boldsymbol on input line 39.
\pmbraise@=\dimen117
)
(/usr/local/texlive/2013/texmf-dist/tex/latex/amsmath/amsopn.sty
Package: amsopn 1999/12/14 v2.01 operator names
)
\inf@bad=\count98
LaTeX Info: Redefining \frac on input line 210.
\uproot@=\count99
\leftroot@=\count100
LaTeX Info: Redefining \overline on input line 306.
\classnum@=\count101
\DOTSCASE@=\count102
LaTeX Info: Redefining \ldots on input line 378.
LaTeX Info: Redefining \dots on input line 381.
LaTeX Info: Redefining \cdots on input line 466.
\Mathstrutbox@=\box30
\strutbox@=\box31
\big@size=\dimen118
LaTeX Font Info:    Redeclaring font encoding OML on input line 566.
LaTeX Font Info:    Redeclaring font encoding OMS on input line 567.
\macc@depth=\count103
\c@MaxMatrixCols=\count104
\dotsspace@=\muskip11
\c@parentequation=\count105
\dspbrk@lvl=\count106
\tag@help=\toks20
\row@=\count107
\column@=\count108
\maxfields@=\count109
\andhelp@=\toks21
\eqnshift@=\dimen119
\alignsep@=\dimen120
\tagshift@=\dimen121
\tagwidth@=\dimen122
\totwidth@=\dimen123
\lineht@=\dimen124
\@envbody=\toks22
\multlinegap=\skip62
\multlinetaggap=\skip63
\mathdisplay@stack=\toks23
LaTeX Info: Redefining \[ on input line 2665.
LaTeX Info: Redefining \] on input line 2666.
)
(/usr/local/texlive/2013/texmf-dist/tex/latex/amsfonts/amssymb.sty
Package: amssymb 2013/01/14 v3.01 AMS font symbols

(/usr/local/texlive/2013/texmf-dist/tex/latex/amsfonts/amsfonts.sty
Package: amsfonts 2013/01/14 v3.01 Basic AMSFonts support
\symAMSa=\mathgroup7
\symAMSb=\mathgroup8
LaTeX Font Info:    Overwriting math alphabet `\mathfrak' in version `bold'
(Font)                  U/euf/m/n --> U/euf/b/n on input line 106.
))
(/usr/local/texlive/2013/texmf-dist/tex/latex/carlisle/slashed.sty
Package: slashed 1997/01/16 v0.01 Feynman Slashed Character Notation (DPC)
)
(/usr/local/texlive/2013/texmf-dist/tex/latex/fancyvrb/fancyvrb.sty
Package: fancyvrb 2008/02/07

Style option: `fancyvrb' v2.7a, with DG/SPQR fixes, and firstline=lastline fix 
<2008/02/07> (tvz)
\FV@CodeLineNo=\count110
\FV@InFile=\read1
\FV@TabBox=\box32
\c@FancyVerbLine=\count111
\FV@StepNumber=\count112
\FV@OutFile=\write3
)
(/usr/local/texlive/2013/texmf-dist/tex/latex/tools/xspace.sty
Package: xspace 2009/10/20 v1.13 Space after command names (DPC,MH)
)
(./heppennames2.sty
Package: heppennames2 2011/06/05 Elementary Particle Naming Scheme - Version (1
.5)
 (./hepparticles.sty
Package: hepparticles 2005/02/22 HEP particle typesetting (v1.4)

(/usr/local/texlive/2013/texmf-dist/tex/latex/maybemath/maybemath.sty
Package: maybemath 2005/2/22
))
Declaring upgreek from Symbol scaled 90\%
\symugrf@m=\mathgroup9
LaTeX Info: Redefining \PGSpm on input line 331.
LaTeX Info: Redefining \PKst on input line 600.
LaTeX Info: Redefining \PBst on input line 711.
) (./cernchemsym.sty
Package: cernchemsym 2005/10/19 v.1.0 Chemical symbols
) (./cernunits.sty
Package: cernunits 2009/05/12 CERN units LaTeX style components (version 1.08)
) (/usr/local/texlive/2013/texmf-dist/tex/latex/jknapltx/mathrsfs.sty
Package: mathrsfs 1996/01/01 Math RSFS package v1.0 (jk)
\symrsfs=\mathgroup10
)
\c@instfoot=\count113
\Mylena=\skip64
\Mylenb=\skip65
\Mylenc=\skip66
)))
(/usr/local/texlive/2013/texmf-dist/tex/generic/misc/texnames.sty
This is texnames.sty, Version 1.10 <02 March 1998>
) (/usr/local/texlive/2013/texmf-dist/tex/latex/base/fontenc.sty
Package: fontenc 2005/09/27 v1.99g Standard LaTeX package

(/usr/local/texlive/2013/texmf-dist/tex/latex/base/t1enc.def
File: t1enc.def 2005/09/27 v1.99g Standard LaTeX file
LaTeX Font Info:    Redeclaring font encoding T1 on input line 43.
))
(/usr/local/texlive/2013/texmf-dist/tex/latex/cancel/cancel.sty
Package: cancel 2000/03/12 v2.1 Cancel math terms
)
(/usr/local/texlive/2013/texmf-dist/tex/latex/subfigure/subfigure.sty
Package: subfigure 2002/03/15 v2.1.5 subfigure package
\subfigtopskip=\skip67
\subfigcapskip=\skip68
\subfigcaptopadj=\dimen125
\subfigbottomskip=\skip69
\subfigcapmargin=\dimen126
\subfiglabelskip=\skip70
\c@subfigure=\count114
\c@lofdepth=\count115
\c@subtable=\count116
\c@lotdepth=\count117

****************************************
* Local config file subfigure.cfg used *
****************************************
(/usr/local/texlive/2013/texmf-dist/tex/latex/subfigure/subfigure.cfg)
\subfig@top=\skip71
\subfig@bottom=\skip72
)
(/usr/local/texlive/2013/texmf-dist/tex/latex/units/units.sty
Package: units 1998/08/04 v0.9b Typesetting units

(/usr/local/texlive/2013/texmf-dist/tex/latex/units/nicefrac.sty
Package: nicefrac 1998/08/04 v0.9b Nice fractions
\L@UnitsRaiseDisplaystyle=\skip73
\L@UnitsRaiseTextstyle=\skip74
\L@UnitsRaiseScriptstyle=\skip75
))
(/usr/local/texlive/2013/texmf-dist/tex/latex/graphics/color.sty
Package: color 2005/11/14 v1.0j Standard LaTeX Color (DPC)

(/usr/local/texlive/2013/texmf-dist/tex/latex/latexconfig/color.cfg
File: color.cfg 2007/01/18 v1.5 color configuration of teTeX/TeXLive
)
Package color Info: Driver file: pdftex.def on input line 130.
)
(/usr/local/texlive/2013/texmf-dist/tex/latex/oberdiek/epstopdf.sty
Package: epstopdf 2010/02/09 v2.5 Conversion with epstopdf on the fly (HO)

(/usr/local/texlive/2013/texmf-dist/tex/latex/oberdiek/epstopdf-base.sty
Package: epstopdf-base 2010/02/09 v2.5 Base part for package epstopdf

(/usr/local/texlive/2013/texmf-dist/tex/latex/oberdiek/grfext.sty
Package: grfext 2010/08/19 v1.1 Manage graphics extensions (HO)

(/usr/local/texlive/2013/texmf-dist/tex/generic/oberdiek/kvdefinekeys.sty
Package: kvdefinekeys 2011/04/07 v1.3 Define keys (HO)
))
(/usr/local/texlive/2013/texmf-dist/tex/latex/oberdiek/kvoptions.sty
Package: kvoptions 2011/06/30 v3.11 Key value format for package options (HO)

(/usr/local/texlive/2013/texmf-dist/tex/generic/oberdiek/kvsetkeys.sty
Package: kvsetkeys 2012/04/25 v1.16 Key value parser (HO)

(/usr/local/texlive/2013/texmf-dist/tex/generic/oberdiek/etexcmds.sty
Package: etexcmds 2011/02/16 v1.5 Avoid name clashes with e-TeX commands (HO)

(/usr/local/texlive/2013/texmf-dist/tex/generic/oberdiek/ifluatex.sty
Package: ifluatex 2010/03/01 v1.3 Provides the ifluatex switch (HO)
Package ifluatex Info: LuaTeX not detected.
)
Package etexcmds Info: Could not find \expanded.
(etexcmds)             That can mean that you are not using pdfTeX 1.50 or
(etexcmds)             that some package has redefined \expanded.
(etexcmds)             In the latter case, load this package earlier.
)))
(/usr/local/texlive/2013/texmf-dist/tex/generic/oberdiek/pdftexcmds.sty
Package: pdftexcmds 2011/11/29 v0.20 Utility functions of pdfTeX for LuaTeX (HO
)
Package pdftexcmds Info: LuaTeX not detected.
Package pdftexcmds Info: \pdf@primitive is available.
Package pdftexcmds Info: \pdf@ifprimitive is available.
Package pdftexcmds Info: \pdfdraftmode found.
)
Package grfext Info: Graphics extension search list:
(grfext)             [.png,.pdf,.jpg,.mps,.jpeg,.jbig2,.jb2,.PNG,.PDF,.JPG,.JPE
G,.JBIG2,.JB2,.eps]
(grfext)             \AppendGraphicsExtensions on input line 452.

(/usr/local/texlive/2013/texmf-dist/tex/latex/latexconfig/epstopdf-sys.cfg
File: epstopdf-sys.cfg 2010/07/13 v1.3 Configuration of (r)epstopdf for TeX Liv
e
)))
(/usr/local/texlive/2013/texmf-dist/tex/latex/listings/listings.sty
\lst@mode=\count118
\lst@gtempboxa=\box33
\lst@token=\toks24
\lst@length=\count119
\lst@currlwidth=\dimen127
\lst@column=\count120
\lst@pos=\count121
\lst@lostspace=\dimen128
\lst@width=\dimen129
\lst@newlines=\count122
\lst@lineno=\count123
\lst@maxwidth=\dimen130

(/usr/local/texlive/2013/texmf-dist/tex/latex/listings/lstmisc.sty
File: lstmisc.sty 2007/02/22 1.4 (Carsten Heinz)
\c@lstnumber=\count124
\lst@skipnumbers=\count125
\lst@framebox=\box34
)
(/usr/local/texlive/2013/texmf-dist/tex/latex/listings/listings.cfg
File: listings.cfg 2007/02/22 1.4 listings configuration
))
Package: listings 2007/02/22 1.4 (Carsten Heinz)

(./practical-statisitcs-for-LHC.aux

LaTeX Warning: Label `eq:lambdatilde' multiply defined.

)
\openout1 = `practical-statisitcs-for-LHC.aux'.

LaTeX Font Info:    Checking defaults for OML/cmm/m/it on input line 67.
LaTeX Font Info:    ... okay on input line 67.
LaTeX Font Info:    Checking defaults for T1/cmr/m/n on input line 67.
LaTeX Font Info:    ... okay on input line 67.
LaTeX Font Info:    Checking defaults for OT1/cmr/m/n on input line 67.
LaTeX Font Info:    ... okay on input line 67.
LaTeX Font Info:    Checking defaults for OMS/cmsy/m/n on input line 67.
LaTeX Font Info:    ... okay on input line 67.
LaTeX Font Info:    Checking defaults for OMX/cmex/m/n on input line 67.
LaTeX Font Info:    ... okay on input line 67.
LaTeX Font Info:    Checking defaults for U/cmr/m/n on input line 67.
LaTeX Font Info:    ... okay on input line 67.
LaTeX Font Info:    Checking defaults for TS1/cmr/m/n on input line 67.
LaTeX Font Info:    Try loading font information for TS1+cmr on input line 67.
 (/usr/local/texlive/2013/texmf-dist/tex/latex/base/ts1cmr.fd
File: ts1cmr.fd 1999/05/25 v2.5h Standard LaTeX font definitions
)
LaTeX Font Info:    ... okay on input line 67.
LaTeX Font Info:    Try loading font information for T1+ptm on input line 67.

(/usr/local/texlive/2013/texmf-dist/tex/latex/psnfss/t1ptm.fd
File: t1ptm.fd 2001/06/04 font definitions for T1/ptm.
)
(/usr/local/texlive/2013/texmf-dist/tex/context/base/supp-pdf.mkii
[Loading MPS to PDF converter (version 2006.09.02).]
\scratchcounter=\count126
\scratchdimen=\dimen131
\scratchbox=\box35
\nofMPsegments=\count127
\nofMParguments=\count128
\everyMPshowfont=\toks25
\MPscratchCnt=\count129
\MPscratchDim=\dimen132
\MPnumerator=\count130
\makeMPintoPDFobject=\count131
\everyMPtoPDFconversion=\toks26
)
\c@lstlisting=\count132
LaTeX Font Info:    Font shape `T1/ptm/bx/n' in size <14.4> not available
(Font)              Font shape `T1/ptm/b/n' tried instead on input line 74.

Underfull \hbox (badness 10000) in paragraph at lines 74--74

 []

LaTeX Font Info:    Font shape `T1/ptm/bx/n' in size <10.95> not available
(Font)              Font shape `T1/ptm/b/n' tried instead on input line 77.
[1

{/usr/local/texlive/2013/texmf-var/fonts/map/pdftex/updmap/pdftex.map}]
(./practical-statisitcs-for-LHC.toc
LaTeX Font Info:    Try loading font information for U+msa on input line 1.

(/usr/local/texlive/2013/texmf-dist/tex/latex/amsfonts/umsa.fd
File: umsa.fd 2013/01/14 v3.01 AMS symbols A
)
LaTeX Font Info:    Try loading font information for U+msb on input line 1.

(/usr/local/texlive/2013/texmf-dist/tex/latex/amsfonts/umsb.fd
File: umsb.fd 2013/01/14 v3.01 AMS symbols B
)
LaTeX Font Info:    Font shape `U/fsy/m/n' will be
(Font)              scaled to size 9.85492pt on input line 1.
LaTeX Font Info:    Font shape `U/fsy/m/n' will be
(Font)              scaled to size 7.19995pt on input line 1.
LaTeX Font Info:    Font shape `U/fsy/m/n' will be
(Font)              scaled to size 5.39996pt on input line 1.
LaTeX Font Info:    Try loading font information for U+rsfs on input line 1.

(/usr/local/texlive/2013/texmf-dist/tex/latex/jknapltx/ursfs.fd
File: ursfs.fd 1998/03/24 rsfs font definition file (jk)
))
\tf@toc=\write4
\openout4 = `practical-statisitcs-for-LHC.toc'.

 [2]
LaTeX Font Info:    Font shape `T1/ptm/bx/n' in size <12> not available
(Font)              Font shape `T1/ptm/b/n' tried instead on input line 89.
LaTeX Font Info:    Font shape `U/fsy/m/n' will be
(Font)              scaled to size 8.09995pt on input line 94.
LaTeX Font Info:    Font shape `U/fsy/m/n' will be
(Font)              scaled to size 4.49997pt on input line 94.
LaTeX Font Info:    Font shape `T1/ptm/bx/n' in size <9> not available
(Font)              Font shape `T1/ptm/b/n' tried instead on input line 94.


LaTeX Warning: Citation `asimov' on page 3 undefined on input line 94.

LaTeX Font Info:    Try loading font information for T1+cmtt on input line 94.
(/usr/local/texlive/2013/texmf-dist/tex/latex/base/t1cmtt.fd
File: t1cmtt.fd 1999/05/25 v2.5h Standard LaTeX font definitions
)

LaTeX Warning: Citation `histfactory' on page 3 undefined on input line 94.

[3]

LaTeX Warning: Citation `asimov' on page 4 undefined on input line 116.


LaTeX Warning: Citation `Barlow1990496' on page 4 undefined on input line 133.


Overfull \hbox (10.166pt too wide) in paragraph at lines 141--142
[]\T1/ptm/m/n/10.95 . In \T1/cmtt/m/n/10.95 RooFit
 []

[4] <./figs/Hierarchy_with_Notation.pdf, id=33, 718.685pt x 657.45625pt>
File: ./figs/Hierarchy_with_Notation.pdf Graphic file (type pdf)

<use ./figs/Hierarchy_with_Notation.pdf>
Package pdftex.def Info: ./figs/Hierarchy_with_Notation.pdf used on input line 
157.
(pdftex.def)             Requested size: 273.14922pt x 249.88612pt.
LaTeX Font Info:    Font shape `T1/ptm/bx/n' in size <10> not available
(Font)              Font shape `T1/ptm/b/n' tried instead on input line 158.


LaTeX Warning: Citation `Cousins:2008zz' on page 5 undefined on input line 167.


[5 <./figs/Hierarchy_with_Notation.pdf>] [6]
LaTeX Font Info:    Font shape `T1/ptm/bx/it' in size <10.95> not available
(Font)              Font shape `T1/ptm/b/it' tried instead on input line 192.
 [7]

LaTeX Warning: Citation `James' on page 8 undefined on input line 229.


LaTeX Warning: Citation `James:1975dr' on page 8 undefined on input line 231.

[8] [9] <./figs/NeymanPearsonLemma.pdf, id=102, 683.55376pt x 488.82625pt>
File: ./figs/NeymanPearsonLemma.pdf Graphic file (type pdf)

<use ./figs/NeymanPearsonLemma.pdf>
Package pdftex.def Info: ./figs/NeymanPearsonLemma.pdf used on input line 278.
(pdftex.def)             Requested size: 295.90587pt x 211.61583pt.


LaTeX Warning: `h' float specifier changed to `ht'.

[10] [11 <./figs/NeymanPearsonLemma.pdf>]

LaTeX Warning: File `CLs.eps' not found on input line 308.

Package epstopdf Info: Source file: <CLs.eps>
(epstopdf)             Output file: <./pdf/CLs-eps-converted-to.pdf>
(epstopdf)             Command: <repstopdf --outfile=./pdf/CLs-eps-converted-to
.pdf CLs.eps>
(epstopdf)             \includegraphics on input line 308.
Package epstopdf Info: Output file is already uptodate.

./practical-statisitcs-for-LHC.tex:308: Package pdftex.def Error: File `./pdf/C
Ls-eps-converted-to.pdf' not found.

See the pdftex.def package documentation for explanation.
Type  H <return>  for immediate help.
 ...                                              
                                                  
l.308 ...degraphics[width=.57\textwidth]{CLs.eps}}
                                                  %
? 
<./figs/s11_mt_mw_contours.pdf, id=200, 569.12625pt x 626.34pt>
File: ./figs/s11_mt_mw_contours.pdf Graphic file (type pdf)

<use ./figs/s11_mt_mw_contours.pdf>
Package pdftex.def Info: ./figs/s11_mt_mw_contours.pdf used on input line 309.
(pdftex.def)             Requested size: 186.65173pt x 205.41217pt.


LaTeX Warning: Citation `Neyman' on page 12 undefined on input line 317.

[12 <./figs/s11_mt_mw_contours.pdf>]

LaTeX Warning: Citation `Feldman' on page 13 undefined on input line 329.


LaTeX Warning: Citation `Cranmer:2005hi' on page 13 undefined on input line 329
.


LaTeX Warning: Citation `Hybrid' on page 13 undefined on input line 330.


LaTeX Warning: Citation `Bodhi' on page 13 undefined on input line 330.

<./figs/NC_schematic_obs.pdf, id=209, 695.59875pt x 390.45876pt>
File: ./figs/NC_schematic_obs.pdf Graphic file (type pdf)

<use ./figs/NC_schematic_obs.pdf>
Package pdftex.def Info: ./figs/NC_schematic_obs.pdf used on input line 334.
(pdftex.def)             Requested size: 409.71689pt x 229.9814pt.
LaTeX Font Info:    Font shape `U/fsy/m/n' will be
(Font)              scaled to size 8.99994pt on input line 335.
LaTeX Font Info:    Font shape `U/fsy/m/n' will be
(Font)              scaled to size 6.29996pt on input line 335.


LaTeX Warning: Citation `Feldman:1997qc' on page 13 undefined on input line 340
.

[13 <./figs/NC_schematic_obs.pdf>]
<./figs/fc_to_NC_twosided.pdf, id=234, 772.8875pt x 386.44376pt>
File: ./figs/fc_to_NC_twosided.pdf Graphic file (type pdf)

<use ./figs/fc_to_NC_twosided.pdf>
Package pdftex.def Info: ./figs/fc_to_NC_twosided.pdf used on input line 346.
(pdftex.def)             Requested size: 409.71689pt x 204.85548pt.


LaTeX Warning: Citation `Feldman:1997qc' on page 14 undefined on input line 347
.


LaTeX Warning: Citation `Feldman:1997qc' on page 14 undefined on input line 347
.

[14 <./figs/fc_to_NC_twosided.pdf>]

LaTeX Warning: Citation `Sredniki' on page 15 undefined on input line 379.


LaTeX Warning: Citation `MonteCarlo' on page 15 undefined on input line 381.

[15]

LaTeX Warning: Citation `Cranmer:2000du' on page 16 undefined on input line 396
.


LaTeX Warning: Citation `Cranmer:2000du' on page 16 undefined on input line 400
.

[16] [17]

LaTeX Warning: `h' float specifier changed to `ht'.


LaTeX Warning: `h' float specifier changed to `ht'.


LaTeX Warning: Citation `Read:1999kh' on page 18 undefined on input line 477.

[18] [19]

LaTeX Warning: Reference `fig:interp2d' on page 20 undefined on input line 504.


[20] <./figs/interpOption_8_12.pdf, id=421, 569.12625pt x 534.99875pt>
File: ./figs/interpOption_8_12.pdf Graphic file (type pdf)

<use ./figs/interpOption_8_12.pdf>
Package pdftex.def Info: ./figs/interpOption_8_12.pdf used on input line 568.
(pdftex.def)             Requested size: 182.09485pt x 171.1786pt.

<./figs/interpOption_11_15.pdf, id=422, 569.12625pt x 534.99875pt>
File: ./figs/interpOption_11_15.pdf Graphic file (type pdf)

<use ./figs/interpOption_11_15.pdf>
Package pdftex.def Info: ./figs/interpOption_11_15.pdf used on input line 569.
(pdftex.def)             Requested size: 182.09485pt x 171.1786pt.

<./figs/interpOption_2_18.pdf, id=423, 569.12625pt x 534.99875pt>
File: ./figs/interpOption_2_18.pdf Graphic file (type pdf)

<use ./figs/interpOption_2_18.pdf>
Package pdftex.def Info: ./figs/interpOption_2_18.pdf used on input line 570.
(pdftex.def)             Requested size: 182.09485pt x 171.1786pt.

<./figs/interpOption_10_15.pdf, id=424, 569.12625pt x 534.99875pt>
File: ./figs/interpOption_10_15.pdf Graphic file (type pdf)

<use ./figs/interpOption_10_15.pdf>
Package pdftex.def Info: ./figs/interpOption_10_15.pdf used on input line 571.
(pdftex.def)             Requested size: 182.09485pt x 171.1786pt.
 [21 <./figs/interpOption_8_12.pdf, page is rotated 90 degrees> <./figs/interpO
ption_11_15.pdf, page is rotated 90 degrees> <./figs/interpOption_2_18.pdf, pag
e is rotated 90 degrees> <./figs/interpOption_10_15.pdf, page is rotated 90 deg
rees>]

LaTeX Warning: Citation `CousinsLogNormal' on page 22 undefined on input line 5
83.


LaTeX Warning: Citation `Cousins:2008zz' on page 22 undefined on input line 616
.

[22]

LaTeX Warning: Citation `Eadie:qy' on page 23 undefined on input line 640.


LaTeX Warning: Citation `CousinsLogNormal' on page 23 undefined on input line 6
40.

[23] <./figs/lognormal.pdf, id=607, 569.12625pt x 359.3425pt>
File: ./figs/lognormal.pdf Graphic file (type pdf)

<use ./figs/lognormal.pdf>
Package pdftex.def Info: ./figs/lognormal.pdf used on input line 662.
(pdftex.def)             Requested size: 273.14922pt x 172.47147pt.


LaTeX Warning: Citation `Barlow:1993dm' on page 24 undefined on input line 673.


[24 <./figs/lognormal.pdf, page is rotated 90 degrees>]

LaTeX Warning: Citation `ATLAS-CONF-2011-161' on page 25 undefined on input lin
e 703.


LaTeX Warning: Citation `ATLAS:2012ad' on page 25 undefined on input line 703.


LaTeX Warning: Citation `ATLAS-CONF-2011-161' on page 25 undefined on input lin
e 703.


LaTeX Warning: Citation `ATLAS:2012ad' on page 25 undefined on input line 703.

[25] <./figs/H_2ph.pdf, id=658, 569.12625pt x 515.9275pt>
File: ./figs/H_2ph.pdf Graphic file (type pdf)

<use ./figs/H_2ph.pdf>
Package pdftex.def Info: ./figs/H_2ph.pdf used on input line 708.
(pdftex.def)             Requested size: 182.09485pt x 165.07655pt.


./practical-statisitcs-for-LHC.tex:709: LaTeX Error: File `H_2ph_contributions'
 not found.

See the LaTeX manual or LaTeX Companion for explanation.
Type  H <return>  for immediate help.
 ...                                              
                                                  
l.709 ...[width=.5\textwidth]{H_2ph_contributions}
                                                  
? 

LaTeX Warning: Citation `ATLAS:2011ad' on page 26 undefined on input line 724.

[26 <./figs/H_2ph.pdf>]
Underfull \hbox (badness 10000) in paragraph at lines 728--729

 []

<./figs/ABCD.pdf, id=690, 492.43584pt x 344.30463pt>
File: ./figs/ABCD.pdf Graphic file (type pdf)
 <use ./figs/ABCD.pdf>
Package pdftex.def Info: ./figs/ABCD.pdf used on input line 739.
(pdftex.def)             Requested size: 213.96527pt x 149.60318pt.

<./figs/SUSY-2011-08-figaux_01a.pdf, id=691, 570.13pt x 386.44376pt>
File: ./figs/SUSY-2011-08-figaux_01a.pdf Graphic file (type pdf)

<use ./figs/SUSY-2011-08-figaux_01a.pdf>
Package pdftex.def Info: ./figs/SUSY-2011-08-figaux_01a.pdf used on input line 
740.
(pdftex.def)             Requested size: 227.62204pt x 154.28583pt.


LaTeX Warning: Citation `ATLAS:2011ad' on page 27 undefined on input line 741.


LaTeX Warning: Citation `ATLAS:2011ad' on page 27 undefined on input line 741.


LaTeX Warning: Citation `Aad:2009wy' on page 27 undefined on input line 751.


LaTeX Warning: Citation `tmva' on page 27 undefined on input line 760.

[27 <./figs/ABCD.pdf> <./figs/SUSY-2011-08-figaux_01a.pdf>]

LaTeX Warning: Citation `Punzi:2004wh' on page 28 undefined on input line 772.

[28]

LaTeX Warning: Citation `asimov' on page 29 undefined on input line 796.


LaTeX Warning: File `PLR_x.png' not found on input line 815.


./practical-statisitcs-for-LHC.tex:815: Package pdftex.def Error: File `PLR_x.p
ng' not found.

See the pdftex.def package documentation for explanation.
Type  H <return>  for immediate help.
 ...                                              
                                                  
l.815 ...egraphics[width=.3\textwidth]{PLR_x.png}}
                                                  
? 

LaTeX Warning: File `PLR_y.png' not found on input line 816.


./practical-statisitcs-for-LHC.tex:816: Package pdftex.def Error: File `PLR_y.p
ng' not found.

See the pdftex.def package documentation for explanation.
Type  H <return>  for immediate help.
 ...                                              
                                                  
l.816 ...egraphics[width=.3\textwidth]{PLR_y.png}}
                                                  \\
? 

LaTeX Warning: File `PLR_persp.png' not found on input line 817.


./practical-statisitcs-for-LHC.tex:817: Package pdftex.def Error: File `PLR_per
sp.png' not found.

See the pdftex.def package documentation for explanation.
Type  H <return>  for immediate help.
 ...                                              
                                                  
l.817 ...phics[width=.3\textwidth]{PLR_persp.png}}
                                                  
? 

LaTeX Warning: File `PLR_z.png' not found on input line 818.


./practical-statisitcs-for-LHC.tex:818: Package pdftex.def Error: File `PLR_z.p
ng' not found.

See the pdftex.def package documentation for explanation.
Type  H <return>  for immediate help.
 ...                                              
                                                  
l.818 ...egraphics[width=.3\textwidth]{PLR_z.png}}
                                                  
? 

LaTeX Warning: `h' float specifier changed to `ht'.


LaTeX Warning: Citation `asimov' on page 29 undefined on input line 825.

[29] [30]

LaTeX Warning: Reference `sec:asymptotic' on page 31 undefined on input line 89
0.


LaTeX Warning: Citation `Feldman' on page 31 undefined on input line 890.


LaTeX Warning: Citation `Cranmer' on page 31 undefined on input line 890.


LaTeX Warning: Citation `hybridResampling' on page 31 undefined on input line 8
90.


LaTeX Warning: Citation `Bodhi' on page 31 undefined on input line 890.

[31]

LaTeX Warning: Citation `Read2' on page 32 undefined on input line 896.


LaTeX Warning: Citation `Read1' on page 32 undefined on input line 896.


LaTeX Warning: Citation `CLsWikipedia' on page 32 undefined on input line 896.


LaTeX Warning: Citation `2011arXiv1105.3166C' on page 32 undefined on input lin
e 896.

[32]

LaTeX Warning: Reference `Sec:crossChecks' on page 33 undefined on input line 9
44.


LaTeX Warning: Citation `asimov' on page 33 undefined on input line 954.


LaTeX Warning: Citation `asimov' on page 33 undefined on input line 954.


LaTeX Warning: Citation `Wilks' on page 33 undefined on input line 954.


LaTeX Warning: Citation `Wald' on page 33 undefined on input line 954.


LaTeX Warning: Citation `asimov' on page 33 undefined on input line 954.

[33]
LaTeX Font Info:    Font shape `T1/ptm/bx/it' in size <8> not available
(Font)              Font shape `T1/ptm/b/it' tried instead on input line 956.
LaTeX Font Info:    Font shape `T1/ptm/bx/it' in size <6> not available
(Font)              Font shape `T1/ptm/b/it' tried instead on input line 956.


LaTeX Warning: Citation `asimov' on page 34 undefined on input line 963.

[34] [35]

LaTeX Warning: Citation `Woodroofe' on page 36 undefined on input line 1174.

[36]

LaTeX Warning: Citation `Woodroofe' on page 37 undefined on input line 1208.


LaTeX Warning: File `ImpSampl_r0045_126_TSDistr.eps' not found on input line 12
14.

Package epstopdf Info: Source file: <ImpSampl_r0045_126_TSDistr.eps>
(epstopdf)             Output file: <./pdf/ImpSampl_r0045_126_TSDistr-eps-conve
rted-to.pdf>
(epstopdf)             Command: <repstopdf --outfile=./pdf/ImpSampl_r0045_126_T
SDistr-eps-converted-to.pdf ImpSampl_r0045_126_TSDistr.eps>
(epstopdf)             \includegraphics on input line 1214.
Package epstopdf Info: Output file is already uptodate.

./practical-statisitcs-for-LHC.tex:1214: Package pdftex.def Error: File `./pdf/
ImpSampl_r0045_126_TSDistr-eps-converted-to.pdf' not found.

See the pdftex.def package documentation for explanation.
Type  H <return>  for immediate help.
 ...                                              
                                                  
l.1214 ...xtwidth]{ImpSampl_r0045_126_TSDistr.eps}
                                                  
? 

LaTeX Warning: Citation `LEE' on page 37 undefined on input line 1223.


LaTeX Warning: Citation `ATL-PHYS-PUB-2011-011' on page 37 undefined on input l
ine 1223.

[37]

LaTeX Warning: Citation `Read2' on page 38 undefined on input line 1229.


LaTeX Warning: Citation `Read1' on page 38 undefined on input line 1229.


LaTeX Warning: Citation `CLsWikipedia' on page 38 undefined on input line 1229.



LaTeX Warning: Citation `2011arXiv1105.3166C' on page 38 undefined on input lin
e 1232.


LaTeX Warning: Citation `Mandelkern2002' on page 38 undefined on input line 123
5.


LaTeX Warning: Citation `2011arXiv1109.2023C' on page 38 undefined on input lin
e 1235.


LaTeX Warning: Citation `Birnbaum:1962' on page 38 undefined on input line 1235
.


LaTeX Warning: Citation `CLsWikipedia' on page 38 undefined on input line 1235.


[38]

LaTeX Warning: File `limitsGauss.eps' not found on input line 1241.

Package epstopdf Info: Source file: <limitsGauss.eps>
(epstopdf)             Output file: <./pdf/limitsGauss-eps-converted-to.pdf>
(epstopdf)             Command: <repstopdf --outfile=./pdf/limitsGauss-eps-conv
erted-to.pdf limitsGauss.eps>
(epstopdf)             \includegraphics on input line 1241.
Package epstopdf Info: Output file is already uptodate.

./practical-statisitcs-for-LHC.tex:1241: Package pdftex.def Error: File `./pdf/
limitsGauss-eps-converted-to.pdf' not found.

See the pdftex.def package documentation for explanation.
Type  H <return>  for immediate help.
 ...                                              
                                                  
l.1241 ...s[width=.45\textwidth]{limitsGauss.eps}}
                                                  
? 

LaTeX Warning: File `coverageGauss.eps' not found on input line 1242.

Package epstopdf Info: Source file: <coverageGauss.eps>
(epstopdf)             Output file: <./pdf/coverageGauss-eps-converted-to.pdf>
(epstopdf)             Command: <repstopdf --outfile=./pdf/coverageGauss-eps-co
nverted-to.pdf coverageGauss.eps>
(epstopdf)             \includegraphics on input line 1242.
Package epstopdf Info: Output file is already uptodate.

./practical-statisitcs-for-LHC.tex:1242: Package pdftex.def Error: File `./pdf/
coverageGauss-eps-converted-to.pdf' not found.

See the pdftex.def package documentation for explanation.
Type  H <return>  for immediate help.
 ...                                              
                                                  
l.1242 ...width=.45\textwidth]{coverageGauss.eps}}
                                                  
? 

LaTeX Warning: Citation `2011arXiv1105.3166C' on page 39 undefined on input lin
e 1245.


LaTeX Warning: Citation `2011arXiv1105.3166C' on page 39 undefined on input lin
e 1245.


LaTeX Warning: Citation `DAgostiniInference' on page 39 undefined on input line
 1304.


LaTeX Warning: Citation `Cousins:1994yw' on page 39 undefined on input line 130
4.


LaTeX Warning: Citation `Jaynes:2003fk' on page 39 undefined on input line 1304
.


LaTeX Warning: Citation `JeffreysPrior' on page 39 undefined on input line 1304
.


LaTeX Warning: Citation `Demortier:2010sn' on page 39 undefined on input line 1
304.

[39]

LaTeX Warning: Citation `Conrad:2005zm' on page 40 undefined on input line 1324
.


LaTeX Warning: Citation `Tegenfeldt:2004dk' on page 40 undefined on input line 
1324.


LaTeX Warning: Citation `Conrad:2002ur' on page 40 undefined on input line 1324
.


LaTeX Warning: Citation `Conrad:2002kn' on page 40 undefined on input line 1324
.


LaTeX Warning: Citation `Rolke:2004mj' on page 40 undefined on input line 1324.



LaTeX Warning: Citation `PhysRevD.67.118101' on page 40 undefined on input line
 1324.


LaTeX Warning: Citation `Demortier:2007zz' on page 40 undefined on input line 1
324.


LaTeX Warning: Citation `Cousins:2008zz' on page 40 undefined on input line 132
4.


LaTeX Warning: Citation `Caldwell:2009ve' on page 40 undefined on input line 13
35.


LaTeX Warning: Citation `skilling:395' on page 40 undefined on input line 1338.



LaTeX Warning: Citation `Feroz:2008xx' on page 40 undefined on input line 1338.



LaTeX Warning: Citation `JeffreysPrior' on page 40 undefined on input line 1344
.

[40]

LaTeX Warning: Citation `asimov' on page 41 undefined on input line 1348.

<./figs/JeffreysPriorGaussian.pdf, id=801, 810.02625pt x 476.8729pt>
File: ./figs/JeffreysPriorGaussian.pdf Graphic file (type pdf)

<use ./figs/JeffreysPriorGaussian.pdf>
Package pdftex.def Info: ./figs/JeffreysPriorGaussian.pdf used on input line 13
55.
(pdftex.def)             Requested size: 364.19664pt x 214.4089pt.

<./figs/JeffreysPriorPoisson.pdf, id=802, 803.0pt x 283.55937pt>
File: ./figs/JeffreysPriorPoisson.pdf Graphic file (type pdf)

<use ./figs/JeffreysPriorPoisson.pdf>
Package pdftex.def Info: ./figs/JeffreysPriorPoisson.pdf used on input line 136
3.
(pdftex.def)             Requested size: 364.19664pt x 128.60866pt.


LaTeX Warning: Citation `Berger:1992ys' on page 41 undefined on input line 1369
.


LaTeX Warning: Citation `Berger:1992vn' on page 41 undefined on input line 1369
.


LaTeX Warning: Citation `Berger:1989kx' on page 41 undefined on input line 1369
.


LaTeX Warning: Citation `Bernardo:1979uq' on page 41 undefined on input line 13
69.


LaTeX Warning: Citation `Demortier:2010sn' on page 41 undefined on input line 1
369.


LaTeX Warning: Citation `Casadei:2011hx' on page 41 undefined on input line 136
9.

[41 <./figs/JeffreysPriorGaussian.pdf> <./figs/JeffreysPriorPoisson.pdf>]

LaTeX Warning: Citation `Birnbaum:1962' on page 42 undefined on input line 1389
.


LaTeX Warning: Citation `Prosper:1306523' on page 42 undefined on input line 14
08.


LaTeX Warning: Citation `DAgostini1995487' on page 42 undefined on input line 1
408.


LaTeX Warning: Citation `Adye:2011gm' on page 42 undefined on input line 1408.


LaTeX Warning: Citation `Malaescu:2011yg' on page 42 undefined on input line 14
08.


LaTeX Warning: Citation `Blobel:2002pu' on page 42 undefined on input line 1408
.


LaTeX Warning: Citation `Hocker:1995kb' on page 42 undefined on input line 1408
.


LaTeX Warning: Citation `Tikhonov' on page 42 undefined on input line 1408.

(./practical-statisitcs-for-LHC.bbl

LaTeX Warning: Empty `thebibliography' environment on input line 3.

) [42] (./practical-statisitcs-for-LHC.aux)

LaTeX Warning: There were undefined references.


LaTeX Warning: There were multiply-defined labels.

 ) 
Here is how much of TeX's memory you used:
 8086 strings out of 493315
 97866 string characters out of 6137904
 169738 words of memory out of 5000000
 11275 multiletter control sequences out of 15000+600000
 69532 words of font info for 118 fonts, out of 8000000 for 9000
 957 hyphenation exceptions out of 8191
 52i,16n,47p,1975b,331s stack positions out of 5000i,500n,10000p,200000b,80000s
{/usr/local/texlive/2013/texmf-dist/fonts/enc/dvips/cm-super/cm-super-t1.enc}
{/usr/local/texlive/2013/texmf-dist/fonts/enc/dvips/base/8r.enc}</usr/local/tex
live/2013/texmf-dist/fonts/type1/public/amsfonts/cm/cmbx10.pfb></usr/local/texl
ive/2013/texmf-dist/fonts/type1/public/amsfonts/cm/cmbx12.pfb></usr/local/texli
ve/2013/texmf-dist/fonts/type1/public/amsfonts/cm/cmbx8.pfb></usr/local/texlive
/2013/texmf-dist/fonts/type1/public/amsfonts/cm/cmex10.pfb></usr/local/texlive/
2013/texmf-dist/fonts/type1/public/amsfonts/cmextra/cmex9.pfb></usr/local/texli
ve/2013/texmf-dist/fonts/type1/public/amsfonts/cm/cmmi10.pfb></usr/local/texliv
e/2013/texmf-dist/fonts/type1/public/amsfonts/cm/cmmi12.pfb></usr/local/texlive
/2013/texmf-dist/fonts/type1/public/amsfonts/cm/cmmi6.pfb></usr/local/texlive/2
013/texmf-dist/fonts/type1/public/amsfonts/cm/cmmi7.pfb></usr/local/texlive/201
3/texmf-dist/fonts/type1/public/amsfonts/cm/cmmi8.pfb></usr/local/texlive/2013/
texmf-dist/fonts/type1/public/amsfonts/cm/cmmi9.pfb></usr/local/texlive/2013/te
xmf-dist/fonts/type1/public/amsfonts/cm/cmmib10.pfb></usr/local/texlive/2013/te
xmf-dist/fonts/type1/public/amsfonts/cmextra/cmmib8.pfb></usr/local/texlive/201
3/texmf-dist/fonts/type1/public/amsfonts/cm/cmr10.pfb></usr/local/texlive/2013/
texmf-dist/fonts/type1/public/amsfonts/cm/cmr12.pfb></usr/local/texlive/2013/te
xmf-dist/fonts/type1/public/amsfonts/cm/cmr6.pfb></usr/local/texlive/2013/texmf
-dist/fonts/type1/public/amsfonts/cm/cmr7.pfb></usr/local/texlive/2013/texmf-di
st/fonts/type1/public/amsfonts/cm/cmr8.pfb></usr/local/texlive/2013/texmf-dist/
fonts/type1/public/amsfonts/cm/cmr9.pfb></usr/local/texlive/2013/texmf-dist/fon
ts/type1/public/amsfonts/cm/cmsy10.pfb></usr/local/texlive/2013/texmf-dist/font
s/type1/public/amsfonts/cm/cmsy6.pfb></usr/local/texlive/2013/texmf-dist/fonts/
type1/public/amsfonts/cm/cmsy7.pfb></usr/local/texlive/2013/texmf-dist/fonts/ty
pe1/public/amsfonts/cm/cmsy8.pfb></usr/local/texlive/2013/texmf-dist/fonts/type
1/public/amsfonts/cm/cmsy9.pfb></usr/local/texlive/2013/texmf-dist/fonts/type1/
public/amsfonts/latxfont/line10.pfb></usr/local/texlive/2013/texmf-dist/fonts/t
ype1/public/amsfonts/symbols/msbm10.pfb></usr/local/texlive/2013/texmf-dist/fon
ts/type1/public/cm-super/sftt0900.pfb></usr/local/texlive/2013/texmf-dist/fonts
/type1/public/cm-super/sftt1000.pfb></usr/local/texlive/2013/texmf-dist/fonts/t
ype1/public/cm-super/sftt1095.pfb></usr/local/texlive/2013/texmf-dist/fonts/typ
e1/urw/times/utmb8a.pfb></usr/local/texlive/2013/texmf-dist/fonts/type1/urw/tim
es/utmbi8a.pfb></usr/local/texlive/2013/texmf-dist/fonts/type1/urw/times/utmr8a
.pfb></usr/local/texlive/2013/texmf-dist/fonts/type1/urw/times/utmri8a.pfb>
Output written on practical-statisitcs-for-LHC.pdf (42 pages, 1483022 bytes).
PDF statistics:
 968 PDF objects out of 1000 (max. 8388607)
 660 compressed objects within 7 object streams
 0 named destinations out of 1000 (max. 500000)
 76 words of extra memory for PDF output out of 10000 (max. 10000000)

